2024-08-18 12:46:10 0 [Note] Starting MariaDB 10.4.32-MariaDB source revision c4143f909528e3fab0677a28631d10389354c491 as process 8736
2024-08-18 12:46:10 0 [Note] InnoDB: Mutexes and rw_locks use Windows interlocked functions
2024-08-18 12:46:10 0 [Note] InnoDB: Uses event mutexes
2024-08-18 12:46:10 0 [Note] InnoDB: Compressed tables use zlib 1.3
2024-08-18 12:46:10 0 [Note] InnoDB: Number of pools: 1
2024-08-18 12:46:10 0 [Note] InnoDB: Using SSE2 crc32 instructions
2024-08-18 12:46:10 0 [Note] InnoDB: Initializing buffer pool, total size = 16M, instances = 1, chunk size = 16M
2024-08-18 12:46:10 0 [Note] InnoDB: Completed initialization of buffer pool
2024-08-18 12:46:10 0 [Note] InnoDB: Starting crash recovery from checkpoint LSN=300288
2024-08-18 12:46:11 0 [Note] InnoDB: 128 out of 128 rollback segments are active.
2024-08-18 12:46:11 0 [Note] InnoDB: Removed temporary tablespace data file: "ibtmp1"
2024-08-18 12:46:11 0 [Note] InnoDB: Creating shared tablespace for temporary tables
2024-08-18 12:46:11 0 [Note] InnoDB: Setting file 'C:\xampp\mysql\data\ibtmp1' size to 12 MB. Physically writing the file full; Please wait ...
2024-08-18 12:46:11 0 [Note] InnoDB: File 'C:\xampp\mysql\data\ibtmp1' size is now 12 MB.
2024-08-18 12:46:11 0 [Note] InnoDB: Waiting for purge to start
2024-08-18 12:46:11 0 [Note] InnoDB: 10.4.32 started; log sequence number 300297; transaction id 170
2024-08-18 12:46:11 0 [Note] InnoDB: Loading buffer pool(s) from C:\xampp\mysql\data\ib_buffer_pool
2024-08-18 12:46:11 0 [Note] Plugin 'FEEDBACK' is disabled.
2024-08-18 12:46:11 0 [Note] Server socket created on IP: '::'.
2024-08-18 12:46:11 0 [Note] InnoDB: Buffer pool(s) load completed at 240818 12:46:11
2024-08-18 12:46:11 0 [ERROR] Can't start server: Bind on TCP/IP port. Got error: 10048: Only one usage of each socket address (protocol/network address/port) is normally permitted.

2024-08-18 12:46:11 0 [ERROR] Do you already have another mysqld server running on port: 3306 ?
2024-08-18 12:46:11 0 [ERROR] Aborting
2024-08-18 12:49:41 0 [Note] Starting MariaDB 10.4.32-MariaDB source revision c4143f909528e3fab0677a28631d10389354c491 as process 12796
2024-08-18 12:49:41 0 [Note] InnoDB: Mutexes and rw_locks use Windows interlocked functions
2024-08-18 12:49:41 0 [Note] InnoDB: Uses event mutexes
2024-08-18 12:49:41 0 [Note] InnoDB: Compressed tables use zlib 1.3
2024-08-18 12:49:41 0 [Note] InnoDB: Number of pools: 1
2024-08-18 12:49:41 0 [Note] InnoDB: Using SSE2 crc32 instructions
2024-08-18 12:49:41 0 [Note] InnoDB: Initializing buffer pool, total size = 16M, instances = 1, chunk size = 16M
2024-08-18 12:49:41 0 [Note] InnoDB: Completed initialization of buffer pool
2024-08-18 12:49:41 0 [Note] InnoDB: 128 out of 128 rollback segments are active.
2024-08-18 12:49:41 0 [Note] InnoDB: Creating shared tablespace for temporary tables
2024-08-18 12:49:41 0 [Note] InnoDB: Setting file 'C:\xampp\mysql\data\ibtmp1' size to 12 MB. Physically writing the file full; Please wait ...
2024-08-18 12:49:41 0 [Note] InnoDB: File 'C:\xampp\mysql\data\ibtmp1' size is now 12 MB.
2024-08-18 12:49:41 0 [Note] InnoDB: Waiting for purge to start
2024-08-18 12:49:41 0 [Note] InnoDB: 10.4.32 started; log sequence number 300306; transaction id 170
2024-08-18 12:49:41 0 [Note] InnoDB: Loading buffer pool(s) from C:\xampp\mysql\data\ib_buffer_pool
2024-08-18 12:49:41 0 [Note] Plugin 'FEEDBACK' is disabled.
2024-08-18 12:49:41 0 [Note] Server socket created on IP: '::'.
2024-08-18 12:49:41 0 [Note] InnoDB: Buffer pool(s) load2024-08-18 13:05:22 0 [Note] Starting MariaDB 10.4.32-MariaDB source revision c4143f909528e3fab0677a28631d10389354c491 as process 10392
2024-08-18 13:05:22 0 [Note] InnoDB: Mutexes and rw_locks use Windows interlocked functions
2024-08-18 13:05:22 0 [Note] InnoDB: Uses event mutexes
2024-08-18 13:05:22 0 [Note] InnoDB: Compressed tables use zlib 1.3
2024-08-18 13:05:22 0 [Note] InnoDB: Number of pools: 1
2024-08-18 13:05:22 0 [Note] InnoDB: Using SSE2 crc32 instructions
2024-08-18 13:05:22 0 [Note] InnoDB: Initializing buffer pool, total size = 16M, instances = 1, chunk size = 16M
2024-08-18 13:05:22 0 [Note] InnoDB: Completed initialization of buffer pool
2024-08-18 13:05:22 0 [Note] InnoDB: Starting crash recovery from checkpoint LSN=305968
2024-08-18 13:05:22 0 [Note] InnoDB: 128 out of 128 rollback segments are active.
2024-08-18 13:05:22 0 [Note] InnoDB: Removed temporary tablespace data file: "ibtmp1"
2024-08-18 13:05:22 0 [Note] InnoDB: Creating shared tablespace for temporary tables
2024-08-18 13:05:22 0 [Note] InnoDB: Setting file 'C:\xampp\mysql\data\ibtmp1' size to 12 MB. Physically writing the file full; Please wait ...
2024-08-18 13:05:22 0 [Note] InnoDB: File 'C:\xampp\mysql\data\ibtmp1' size is now 12 MB.
2024-08-18 13:05:22 0 [Note] InnoDB: Waiting for purge to start
2024-08-18 13:05:22 0 [Note] InnoDB: 10.4.32 started; log sequence number 305977; transaction id 205
2024-08-18 13:05:22 0 [Note] InnoDB: Loading buffer pool(s) from C:\xampp\mysql\data\ib_buffer_pool
2024-08-18 13:05:22 0 [Note] Plugin 'FEEDBACK' is disabled.
2024-08-18 13:05:22 0 [Note] Server socket created on IP: '::'.
2024-08-18 13:05:22 0 [Note] InnoDB: Buffer pool(s) load completed at 240818 13:05:22
2024-08-18 13:05:22 0 [Note] Reading of all Master_info entries succeeded
2024-08-18 13:05:22 0 [Note] Added new Master_info '' to hash table
2024-08-18 13:05:22 0 [Note] mysqld: ready for connections.
Version: '10.4.32-MariaDB'  socket: ''  port: 3306  mariadb.org binary distribution
2024-08-18 13:26:41 11 [Warning] Access denied for user 'root'@'localhost' (using password: NO)
2024-08-18 13:39:08 13 [Warning] Access denied for user 'root'@'localhost' (using password: NO)
2024-08-18 13:39:52 15 [Warning] Access denied for user 'root'@'localhost' (using password: NO)
2024-08-18 13:40:07 17 [Warning] Access denied for user 'root'@'localhost' (using password: NO)
2024-08-18 13:40:08 19 [Warning] Access denied for user 'root'@'localhost' (using password: NO)
2024-08-18 13:40:17 21 [Warning] Access denied for user 'root'@'localhost' (using password: NO)
2024-08-18 13:41:29 23 [Warning] Access denied for user 'root'@'localhost' (using password: NO)
2024-08-18 13:44:23 24 [Warning] Access denied for user 'your_username'@'localhost' (using password: YES)
2024-08-18 13:45:05 27 [Warning] Access denied for user 'root'@'localhost' (using password: NO)
2024-08-18 13:52:22 173 [Warning] Access denied for user 'psa'@'localhost' (using password: YES)
2024-08-18 13:52:39 175 [Warning] Access denied for user 'psa'@'localhost' (using password: YES)
2024-08-18 22:18:12 25 [Warning] Aborted connection 25 to db: 'unconnected' user: 'root' host: 'localhost' (Got timeout reading communication packets)
2024-08-21 16:26:53 0 [Note] Starting MariaDB 10.4.32-MariaDB source revision c4143f909528e3fab0677a28631d10389354c491 as process 9536
2024-08-21 16:26:53 0 [Note] mysqld.exe: Aria engine: starting recovery
tables to flush: 1 0
 (0.0 seconds); 
2024-08-21 16:26:53 0 [Note] mysqld.exe: Aria engine: recovery done
2024-08-21 16:26:53 0 [Note] InnoDB: Mutexes and rw_locks use Windows interlocked functions
2024-08-21 16:26:53 0 [Note] InnoDB: Uses event mutexes
2024-08-21 16:26:53 0 [Note] InnoDB: Compressed tables use zlib 1.3
2024-08-21 16:26:53 0 [Note] InnoDB: Number of pools: 1
2024-08-21 16:26:53 0 [Note] InnoDB: Using SSE2 crc32 instructions
2024-08-21 16:26:53 0 [Note] InnoDB: Initializing buffer pool, total size = 16M, instances = 1, chunk size = 16M
2024-08-21 16:26:53 0 [Note] InnoDB: Completed initialization of buffer pool
2024-08-21 16:26:54 0 [Note] InnoDB: Starting crash recovery from checkpoint LSN=893430
2024-08-21 16:26:54 0 [Note] InnoDB: 128 out of 128 rollback segments are active.
2024-08-21 16:26:54 0 [Note] InnoDB: Removed temporary tablespace data file: "ibtmp1"
2024-08-21 16:26:54 0 [Note] InnoDB: Creating shared tablespace for temporary tables
2024-08-21 16:26:54 0 [Note] InnoDB: Setting file 'C:\xampp\mysql\data\ibtmp1' size to 12 MB. Physically writing the file full; Please wait ...
2024-08-21 16:26:54 0 [Note] InnoDB: File 'C:\xampp\mysql\data\ibtmp1' size is now 12 MB.
2024-08-21 16:26:54 0 [Note] InnoDB: Waiting for purge to start
2024-08-21 16:26:54 0 [Note] InnoDB: 10.4.32 started; log sequence number 893455; transaction id 1026
2024-08-21 16:26:54 0 [Note] Plugin 'FEEDBACK' is disabled.
2024-08-21 16:26:54 0 [Note] InnoDB: Loading buffer pool(s) from C:\xampp\mysql\data\ib_buffer_pool
2024-08-21 16:26:54 0 [Note] InnoDB: Buffer pool(s) load completed at 240821 16:26:54
2024-08-21 16:26:54 0 [Note] Server socket created on IP: '::'.
2024-08-21 16:26:54 0 [ERROR] Can't start server: Bind on TCP/IP port. Got error: 10048: Only one usage of each socket address (protocol/network address/port) is normally permitted.

2024-08-21 16:26:54 0 [ERROR] Do you already have another mysqld server running on port: 3306 ?
2024-08-21 16:26:54 0 [ERROR] Aborting
2024-08-21 16:28:10 0 [Note] Starting MariaDB 10.4.32-MariaDB source revision c4143f909528e3fab0677a28631d10389354c491 as process 15160
2024-08-21 16:28:10 0 [Note] InnoDB: Mutexes and rw_locks use Windows interlocked functions
2024-08-21 16:28:10 0 [Note] InnoDB: Uses event mutexes
2024-08-21 16:28:10 0 [Note] InnoDB: Compressed tables use zlib 1.3
2024-08-21 16:28:10 0 [Note] InnoDB: Number of pools: 1
2024-08-21 16:28:10 0 [Note] InnoDB: Using SSE2 crc32 instructions
2024-08-21 16:28:10 0 [Note] InnoDB: Initializing buffer pool, total size = 16M, instances = 1, chunk size = 16M
2024-08-21 16:28:10 0 [Note] InnoDB: Completed initialization of buffer pool
2024-08-21 16:28:10 0 [Note] InnoDB: 128 out of 128 rollback segments are active.
2024-08-21 16:28:10 0 [Note] InnoDB: Creating shared tablespace for temporary tables
2024-08-21 16:28:10 0 [Note] InnoDB: Setting file 'C:\xampp\mysql\data\ibtmp1' size to 12 MB. Physically writing the file full; Please wait ...
2024-08-21 16:28:10 0 [Note] InnoDB: File 'C:\xampp\mysql\data\ibtmp1' size is now 12 MB.
2024-08-21 16:28:10 0 [Note] InnoDB: Waiting for purge to start
2024-08-21 16:28:10 0 [Note] InnoDB: 10.4.32 started; log sequence number 893464; transaction id 1026
2024-08-21 16:28:10 0 [Note] InnoDB: Loading buffer pool(s) from C:\xampp\mysql\data\ib_buffer_pool
2024-08-21 16:28:10 0 [Note] Plugin 'FEEDBACK' is disabled.
2024-08-21 16:28:10 0 [Note] Server socket created on IP: '::'.
2024-08-21 18:54:44 0 [Note] Starting MariaDB 10.4.32-MariaDB source revision c4143f909528e3fab0677a28631d10389354c491 as process 10600
2024-08-21 18:54:44 0 [Note] InnoDB: Mutexes and rw_locks use Windows interlocked functions
2024-08-21 18:54:44 0 [Note] InnoDB: Uses event mutexes
2024-08-21 18:54:44 0 [Note] InnoDB: Compressed tables use zlib 1.3
2024-08-21 18:54:44 0 [Note] InnoDB: Number of pools: 1
2024-08-21 18:54:44 0 [Note] InnoDB: Using SSE2 crc32 instructions
2024-08-21 18:54:44 0 [Note] InnoDB: Initializing buffer pool, total size = 16M, instances = 1, chunk size = 16M
2024-08-21 18:54:44 0 [Note] InnoDB: Completed initialization of buffer pool
2024-08-21 18:54:44 0 [Note] InnoDB: Starting crash recovery from checkpoint LSN=895452
2024-08-21 18:54:44 0 [Note] InnoDB: 128 out of 128 rollback segments are active.
2024-08-21 18:54:44 0 [Note] InnoDB: Removed temporary tablespace data file: "ibtmp1"
2024-08-21 18:54:44 0 [Note] InnoDB: Creating shared tablespace for temporary tables
2024-08-21 18:54:44 0 [Note] InnoDB: Setting file 'C:\xampp\mysql\data\ibtmp1' size to 12 MB. Physically writing the file full; Please wait ...
2024-08-21 18:54:44 0 [Note] InnoDB: File 'C:\xampp\mysql\data\ibtmp1' size is now 12 MB.
2024-08-21 18:54:44 0 [Note] InnoDB: Waiting for purge to start
2024-08-21 18:54:44 0 [Note] InnoDB: 10.4.32 started; log sequence number 895461; transaction id 1067
2024-08-21 18:54:44 0 [Note] InnoDB: Loading buffer pool(s) from C:\xampp\mysql\data\ib_buffer_pool
2024-08-21 18:54:44 0 [Note] Plugin 'FEEDBACK' is disabled.
2024-08-21 18:54:44 0 [Note] InnoDB: Buffer pool(s) load completed at 240821 18:54:44
2024-08-21 18:54:44 0 [Note] Server socket created on IP: '::'.
