[Sun Aug 18 12:43:45.782743 2024] [ssl:warn] [pid 9280:tid 448] AH01909: www.example.com:443:0 server certificate does NOT include an ID which matches the server name
[Sun Aug 18 12:43:45.830764 2024] [ssl:warn] [pid 9280:tid 448] AH01909: www.example.com:443:0 server certificate does NOT include an ID which matches the server name
[Sun Aug 18 12:43:45.878442 2024] [mpm_winnt:notice] [pid 9280:tid 448] AH00455: Apache/2.4.58 (Win64) OpenSSL/3.1.3 PHP/8.2.12 configured -- resuming normal operations
[Sun Aug 18 12:43:45.878442 2024] [mpm_winnt:notice] [pid 9280:tid 448] AH00456: Apache Lounge VS17 Server built: Oct 18 2023 13:03:18
[Sun Aug 18 12:43:45.878442 2024] [core:notice] [pid 9280:tid 448] AH00094: Command line: 'C:\\xampp\\apache\\bin\\httpd.exe -d C:/xampp/apache'
[Sun Aug 18 12:43:45.883430 2024] [mpm_winnt:notice] [pid 9280:tid 448] AH00418: Parent: Created child process 6392
[Sun Aug 18 12:43:46.377452 2024] [ssl:warn] [pid 6392:tid 444] AH01909: www.example.com:443:0 server certificate does NOT include an ID which matches the server name
[Sun Aug 18 12:43:46.421862 2024] [ssl:warn] [pid 6392:tid 444] AH01909: www.example.com:443:0 server certificate does NOT include an ID which matches the server name
[Sun Aug 18 12:43:46.470531 2024] [mpm_winnt:notice] [pid 6392:tid 444] AH00354: Child: Starting 150 worker threads.
[Sun Aug 18 12:46:05.696174 2024] [ssl:warn] [pid 6984:tid 432] AH01909: www.example.com:443:0 server certificate does NOT include an ID which matches the server name
[Sun Aug 18 12:46:05.747572 2024] [ssl:warn] [pid 6984:tid 432] AH01909: www.example.com:443:0 server certificate does NOT include an ID which matches the server name
[Sun Aug 18 12:46:05.803459 2024] [mpm_winnt:notice] [pid 6984:tid 432] AH00455: Apache/2.4.58 (Win64) OpenSSL/3.1.3 PHP/8.2.12 configured -- resuming normal operations
[Sun Aug 18 12:46:05.803459 2024] [mpm_winnt:notice] [pid 6984:tid 432] AH00456: Apache Lounge VS17 Server built: Oct 18 2023 13:03:18
[Sun Aug 18 12:46:05.803459 2024] [core:notice] [pid 6984:tid 432] AH00094: Command line: 'c:\\xampp\\apache\\bin\\httpd.exe -d C:/xampp/apache'
[Sun Aug 18 12:46:05.807412 2024] [mpm_winnt:notice] [pid 6984:tid 432] AH00418: Parent: Created child process 8072
[Sun Aug 18 12:46:06.351192 2024] [ssl:warn] [pid 8072:tid 480] AH01909: www.example.com:443:0 server certificate does NOT include an ID which matches the server name
[Sun Aug 18 12:46:06.398291 2024] [ssl:warn] [pid 8072:tid 480] AH01909: www.example.com:443:0 server certificate does NOT include an ID which matches the server name
[Sun Aug 18 12:46:06.453143 2024] [mpm_winnt:notice] [pid 8072:tid 480] AH00354: Child: Starting 150 worker threads.
[Sun Aug 18 12:59:46.749293 2024] [php:error] [pid 8072:tid 1820] [client ::1:51276] PHP Fatal error:  Uncaught mysqli_sql_exception: Access denied for user 'psa'@'localhost' (using password: YES) in C:\\xampp\\htdocs\\dashboard\\test.php:7\nStack trace:\n#0 C:\\xampp\\htdocs\\dashboard\\test.php(7): mysqli->__construct('localhost', 'psa', Object(SensitiveParameterValue))\n#1 {main}\n  thrown in C:\\xampp\\htdocs\\dashboard\\test.php on line 7
[Sun Aug 18 13:00:56.855230 2024] [php:error] [pid 8072:tid 1820] [client ::1:51292] PHP Fatal error:  Uncaught mysqli_sql_exception: Access denied for user 'root'@'localhost' (using password: YES) in C:\\xampp\\htdocs\\dashboard\\test.php:7\nStack trace:\n#0 C:\\xampp\\htdocs\\dashboard\\test.php(7): mysqli->__construct('localhost', 'root', Object(SensitiveParameterValue))\n#1 {main}\n  thrown in C:\\xampp\\htdocs\\dashboard\\test.php on line 7
[Sun Aug 18 13:00:58.144674 2024] [php:error] [pid 8072:tid 1820] [client ::1:51292] PHP Fatal error:  Uncaught mysqli_sql_exception: Access denied for user 'root'@'localhost' (using password: YES) in C:\\xampp\\htdocs\\dashboard\\test.php:7\nStack trace:\n#0 C:\\xampp\\htdocs\\dashboard\\test.php(7): mysqli->__construct('localhost', 'root', Object(SensitiveParameterValue))\n#1 {main}\n  thrown in C:\\xampp\\htdocs\\dashboard\\test.php on line 7
[Sun Aug 18 13:00:58.331184 2024] [php:error] [pid 8072:tid 1820] [client ::1:51292] PHP Fatal error:  Uncaught mysqli_sql_exception: Access denied for user 'root'@'localhost' (using password: YES) in C:\\xampp\\htdocs\\dashboard\\test.php:7\nStack trace:\n#0 C:\\xampp\\htdocs\\dashboard\\test.php(7): mysqli->__construct('localhost', 'root', Object(SensitiveParameterValue))\n#1 {main}\n  thrown in C:\\xampp\\htdocs\\dashboard\\test.php on line 7
[Sun Aug 18 13:00:58.485154 2024] [php:error] [pid 8072:tid 1820] [client ::1:51292] PHP Fatal error:  Uncaught mysqli_sql_exception: Access denied for user 'root'@'localhost' (using password: YES) in C:\\xampp\\htdocs\\dashboard\\test.php:7\nStack trace:\n#0 C:\\xampp\\htdocs\\dashboard\\test.php(7): mysqli->__construct('localhost', 'root', Object(SensitiveParameterValue))\n#1 {main}\n  thrown in C:\\xampp\\htdocs\\dashboard\\test.php on line 7
[Sun Aug 18 13:00:58.677608 2024] [php:error] [pid 8072:tid 1820] [client ::1:51292] PHP Fatal error:  Uncaught mysqli_sql_exception: Access denied for user 'root'@'localhost' (using password: YES) in C:\\xampp\\htdocs\\dashboard\\test.php:7\nStack trace:\n#0 C:\\xampp\\htdocs\\dashboard\\test.php(7): mysqli->__construct('localhost', 'root', Object(SensitiveParameterValue))\n#1 {main}\n  thrown in C:\\xampp\\htdocs\\dashboard\\test.php on line 7
[Sun Aug 18 13:01:48.277274 2024] [php:error] [pid 8072:tid 1820] [client ::1:51301] PHP Fatal error:  Uncaught mysqli_sql_exception: Can't create database 'private_db'; database exists in C:\\xampp\\htdocs\\dashboard\\test.php:16\nStack trace:\n#0 C:\\xampp\\htdocs\\dashboard\\test.php(16): mysqli->query('CREATE DATABASE...')\n#1 {main}\n  thrown in C:\\xampp\\htdocs\\dashboard\\test.php on line 16
[Sun Aug 18 13:01:48.449288 2024] [php:error] [pid 8072:tid 1820] [client ::1:51301] PHP Fatal error:  Uncaught mysqli_sql_exception: Can't create database 'private_db'; database exists in C:\\xampp\\htdocs\\dashboard\\test.php:16\nStack trace:\n#0 C:\\xampp\\htdocs\\dashboard\\test.php(16): mysqli->query('CREATE DATABASE...')\n#1 {main}\n  thrown in C:\\xampp\\htdocs\\dashboard\\test.php on line 16
[Sun Aug 18 13:02:28.878252 2024] [php:error] [pid 8072:tid 1816] [client ::1:51331] PHP Fatal error:  Uncaught mysqli_sql_exception: Access denied for user 'root'@'localhost' (using password: YES) in C:\\xampp\\htdocs\\dashboard\\test.php:7\nStack trace:\n#0 C:\\xampp\\htdocs\\dashboard\\test.php(7): mysqli->__construct('localhost', 'root', Object(SensitiveParameterValue))\n#1 {main}\n  thrown in C:\\xampp\\htdocs\\dashboard\\test.php on line 7
[Sun Aug 18 14:06:41.690447 2024] [php:warn] [pid 8072:tid 1820] [client ::1:51828] PHP Warning:  Undefined variable $pdo in C:\\xampp\\htdocs\\private_sale_site\\register.php on line 20, referer: http://localhost/private_sale_site/login.html
[Sun Aug 18 14:06:41.691449 2024] [php:error] [pid 8072:tid 1820] [client ::1:51828] PHP Fatal error:  Uncaught Error: Call to a member function prepare() on null in C:\\xampp\\htdocs\\private_sale_site\\register.php:20\nStack trace:\n#0 {main}\n  thrown in C:\\xampp\\htdocs\\private_sale_site\\register.php on line 20, referer: http://localhost/private_sale_site/login.html
[Sun Aug 18 14:12:04.959913 2024] [php:error] [pid 8072:tid 1820] [client ::1:51859] PHP Fatal error:  Uncaught Error: mysqli object is already closed in C:\\xampp\\htdocs\\private_sale_site\\register.php:24\nStack trace:\n#0 C:\\xampp\\htdocs\\private_sale_site\\register.php(24): mysqli->prepare('INSERT INTO Use...')\n#1 {main}\n  thrown in C:\\xampp\\htdocs\\private_sale_site\\register.php on line 24, referer: http://localhost/private_sale_site/login.html
[Sun Aug 18 14:12:25.994177 2024] [php:error] [pid 8072:tid 1820] [client ::1:51861] PHP Fatal error:  Uncaught Error: mysqli object is already closed in C:\\xampp\\htdocs\\private_sale_site\\register.php:24\nStack trace:\n#0 C:\\xampp\\htdocs\\private_sale_site\\register.php(24): mysqli->prepare('INSERT INTO Use...')\n#1 {main}\n  thrown in C:\\xampp\\htdocs\\private_sale_site\\register.php on line 24, referer: http://localhost/private_sale_site/login.html
[Sun Aug 18 14:14:38.710311 2024] [php:error] [pid 8072:tid 1820] [client ::1:51866] PHP Fatal error:  Uncaught mysqli_sql_exception: Table 'private_site_db.users' doesn't exist in C:\\xampp\\htdocs\\private_sale_site\\register.php:24\nStack trace:\n#0 C:\\xampp\\htdocs\\private_sale_site\\register.php(24): mysqli->prepare('INSERT INTO Use...')\n#1 {main}\n  thrown in C:\\xampp\\htdocs\\private_sale_site\\register.php on line 24, referer: http://localhost/private_sale_site/login.html
[Sun Aug 18 14:14:41.188070 2024] [php:error] [pid 8072:tid 1820] [client ::1:51866] PHP Fatal error:  Uncaught mysqli_sql_exception: Table 'private_site_db.users' doesn't exist in C:\\xampp\\htdocs\\private_sale_site\\register.php:24\nStack trace:\n#0 C:\\xampp\\htdocs\\private_sale_site\\register.php(24): mysqli->prepare('INSERT INTO Use...')\n#1 {main}\n  thrown in C:\\xampp\\htdocs\\private_sale_site\\register.php on line 24, referer: http://localhost/private_sale_site/login.html
[Sun Aug 18 14:41:23.955664 2024] [php:error] [pid 8072:tid 1828] [client ::1:52032] PHP Fatal error:  Uncaught mysqli_sql_exception: Unknown column 'id' in 'field list' in C:\\xampp\\htdocs\\private_sale_site\\login.php:17\nStack trace:\n#0 C:\\xampp\\htdocs\\private_sale_site\\login.php(17): mysqli->prepare('SELECT id, pass...')\n#1 {main}\n  thrown in C:\\xampp\\htdocs\\private_sale_site\\login.php on line 17, referer: http://localhost/private_sale_site/login.html
[Sun Aug 18 14:50:39.735992 2024] [php:error] [pid 8072:tid 1828] [client ::1:52062] script 'C:/xampp/htdocs/private_sale_site/logout.php' not found or unable to stat, referer: http://localhost/private_sale_site/dashboard.html
[Sun Aug 18 15:00:39.368625 2024] [php:warn] [pid 8072:tid 1828] [client ::1:52106] PHP Warning:  include(includes/dbconnection.php): Failed to open stream: No such file or directory in C:\\xampp\\htdocs\\private_sale_site\\index.php on line 3
[Sun Aug 18 15:00:39.368625 2024] [php:warn] [pid 8072:tid 1828] [client ::1:52106] PHP Warning:  include(): Failed opening 'includes/dbconnection.php' for inclusion (include_path='C:\\xampp\\php\\PEAR') in C:\\xampp\\htdocs\\private_sale_site\\index.php on line 3
[Sun Aug 18 15:03:00.345480 2024] [php:error] [pid 8072:tid 1828] [client ::1:52111] script 'C:/xampp/htdocs/private_sale_site/pages/login.php' not found or unable to stat, referer: http://localhost/private_sale_site/
[Sun Aug 18 15:03:33.123855 2024] [php:warn] [pid 8072:tid 1828] [client ::1:52114] PHP Warning:  include(dbconnection.php): Failed to open stream: No such file or directory in C:\\xampp\\htdocs\\private_sale_site\\pages\\login.php on line 5, referer: http://localhost/private_sale_site/
[Sun Aug 18 15:03:33.123855 2024] [php:warn] [pid 8072:tid 1828] [client ::1:52114] PHP Warning:  include(): Failed opening 'dbconnection.php' for inclusion (include_path='C:\\xampp\\php\\PEAR') in C:\\xampp\\htdocs\\private_sale_site\\pages\\login.php on line 5, referer: http://localhost/private_sale_site/
[Sun Aug 18 15:03:33.124818 2024] [php:warn] [pid 8072:tid 1828] [client ::1:52114] PHP Warning:  Undefined variable $conn in C:\\xampp\\htdocs\\private_sale_site\\pages\\login.php on line 48, referer: http://localhost/private_sale_site/
[Sun Aug 18 15:03:33.124818 2024] [php:error] [pid 8072:tid 1828] [client ::1:52114] PHP Fatal error:  Uncaught Error: Call to a member function close() on null in C:\\xampp\\htdocs\\private_sale_site\\pages\\login.php:48\nStack trace:\n#0 {main}\n  thrown in C:\\xampp\\htdocs\\private_sale_site\\pages\\login.php on line 48, referer: http://localhost/private_sale_site/
[Sun Aug 18 15:09:01.825727 2024] [php:error] [pid 8072:tid 1828] [client ::1:52146] script 'C:/xampp/htdocs/private_sale_site/pages/dashboard.php' not found or unable to stat, referer: http://localhost/private_sale_site/pages/login.html
[Sun Aug 18 15:09:51.383380 2024] [php:error] [pid 8072:tid 1828] [client ::1:52148] script 'C:/xampp/htdocs/private_sale_site/pages/dashboard.php' not found or unable to stat, referer: http://localhost/private_sale_site/pages/login.html
[Sun Aug 18 15:14:30.060265 2024] [php:warn] [pid 8072:tid 1828] [client ::1:52164] PHP Warning:  Undefined variable $user in C:\\xampp\\htdocs\\private_sale_site\\pages\\login.php on line 37, referer: http://localhost/private_sale_site/pages/login.html
[Sun Aug 18 15:14:30.060265 2024] [php:warn] [pid 8072:tid 1828] [client ::1:52164] PHP Warning:  Trying to access array offset on value of type null in C:\\xampp\\htdocs\\private_sale_site\\pages\\login.php on line 37, referer: http://localhost/private_sale_site/pages/login.html
[Sun Aug 18 15:14:30.064254 2024] [php:error] [pid 8072:tid 1828] [client ::1:52164] script 'C:/xampp/htdocs/private_sale_site/pages/customer_dashboard.php' not found or unable to stat, referer: http://localhost/private_sale_site/pages/login.html
[Sun Aug 18 15:15:19.060311 2024] [php:warn] [pid 8072:tid 1828] [client ::1:52167] PHP Warning:  Undefined variable $user in C:\\xampp\\htdocs\\private_sale_site\\pages\\login.php on line 37, referer: http://localhost/private_sale_site/pages/login.html
[Sun Aug 18 15:15:19.060311 2024] [php:warn] [pid 8072:tid 1828] [client ::1:52167] PHP Warning:  Trying to access array offset on value of type null in C:\\xampp\\htdocs\\private_sale_site\\pages\\login.php on line 37, referer: http://localhost/private_sale_site/pages/login.html
[Sun Aug 18 15:15:37.349831 2024] [php:warn] [pid 8072:tid 1828] [client ::1:52170] PHP Warning:  Undefined variable $user in C:\\xampp\\htdocs\\private_sale_site\\pages\\login.php on line 37, referer: http://localhost/private_sale_site/pages/login.html
[Sun Aug 18 15:15:37.350816 2024] [php:warn] [pid 8072:tid 1828] [client ::1:52170] PHP Warning:  Trying to access array offset on value of type null in C:\\xampp\\htdocs\\private_sale_site\\pages\\login.php on line 37, referer: http://localhost/private_sale_site/pages/login.html
[Sun Aug 18 15:15:52.541366 2024] [php:warn] [pid 8072:tid 1828] [client ::1:52172] PHP Warning:  Undefined variable $user in C:\\xampp\\htdocs\\private_sale_site\\pages\\login.php on line 37, referer: http://localhost/private_sale_site/pages/login.html
[Sun Aug 18 15:15:52.541366 2024] [php:warn] [pid 8072:tid 1828] [client ::1:52172] PHP Warning:  Trying to access array offset on value of type null in C:\\xampp\\htdocs\\private_sale_site\\pages\\login.php on line 37, referer: http://localhost/private_sale_site/pages/login.html
[Sun Aug 18 15:18:16.531344 2024] [php:warn] [pid 8072:tid 1828] [client ::1:52181] PHP Warning:  include(header.php): Failed to open stream: No such file or directory in C:\\xampp\\htdocs\\private_sale_site\\pages\\professional_dashboard.php on line 22, referer: http://localhost/private_sale_site/pages/login.html
[Sun Aug 18 15:18:16.531344 2024] [php:warn] [pid 8072:tid 1828] [client ::1:52181] PHP Warning:  include(): Failed opening 'header.php' for inclusion (include_path='C:\\xampp\\php\\PEAR') in C:\\xampp\\htdocs\\private_sale_site\\pages\\professional_dashboard.php on line 22, referer: http://localhost/private_sale_site/pages/login.html
[Sun Aug 18 15:18:16.531344 2024] [php:warn] [pid 8072:tid 1828] [client ::1:52181] PHP Warning:  include(footer.php): Failed to open stream: No such file or directory in C:\\xampp\\htdocs\\private_sale_site\\pages\\professional_dashboard.php on line 37, referer: http://localhost/private_sale_site/pages/login.html
[Sun Aug 18 15:18:16.532341 2024] [php:warn] [pid 8072:tid 1828] [client ::1:52181] PHP Warning:  include(): Failed opening 'footer.php' for inclusion (include_path='C:\\xampp\\php\\PEAR') in C:\\xampp\\htdocs\\private_sale_site\\pages\\professional_dashboard.php on line 37, referer: http://localhost/private_sale_site/pages/login.html
[Sun Aug 18 15:19:47.601951 2024] [php:warn] [pid 8072:tid 1828] [client ::1:52188] PHP Warning:  include(header.php): Failed to open stream: No such file or directory in C:\\xampp\\htdocs\\private_sale_site\\pages\\professional_dashboard.php on line 22, referer: http://localhost/private_sale_site/pages/login.html
[Sun Aug 18 15:19:47.601951 2024] [php:warn] [pid 8072:tid 1828] [client ::1:52188] PHP Warning:  include(): Failed opening 'header.php' for inclusion (include_path='C:\\xampp\\php\\PEAR') in C:\\xampp\\htdocs\\private_sale_site\\pages\\professional_dashboard.php on line 22, referer: http://localhost/private_sale_site/pages/login.html
[Sun Aug 18 15:19:47.602936 2024] [php:warn] [pid 8072:tid 1828] [client ::1:52188] PHP Warning:  include(footer.php): Failed to open stream: No such file or directory in C:\\xampp\\htdocs\\private_sale_site\\pages\\professional_dashboard.php on line 37, referer: http://localhost/private_sale_site/pages/login.html
[Sun Aug 18 15:19:47.602936 2024] [php:warn] [pid 8072:tid 1828] [client ::1:52188] PHP Warning:  include(): Failed opening 'footer.php' for inclusion (include_path='C:\\xampp\\php\\PEAR') in C:\\xampp\\htdocs\\private_sale_site\\pages\\professional_dashboard.php on line 37, referer: http://localhost/private_sale_site/pages/login.html
[Sun Aug 18 15:38:59.936448 2024] [php:error] [pid 8072:tid 1828] [client ::1:52439] script 'C:/xampp/htdocs/private_sale_site/pages/add_sale.php' not found or unable to stat, referer: http://localhost/private_sale_site/pages/professional_dashboard.php
[Sun Aug 18 15:49:18.846228 2024] [php:error] [pid 8072:tid 1828] [client ::1:52476] script 'C:/xampp/htdocs/private_sale_site/register.php' not found or unable to stat, referer: http://localhost/private_sale_site/
[Sun Aug 18 15:49:41.632168 2024] [php:error] [pid 8072:tid 1828] [client ::1:52480] script 'C:/xampp/htdocs/private_sale_site/pages/register.php' not found or unable to stat, referer: http://localhost/private_sale_site/
[Sun Aug 18 15:50:09.303059 2024] [php:error] [pid 8072:tid 1828] [client ::1:52481] script 'C:/xampp/htdocs/private_sale_site/pages/register.php' not found or unable to stat, referer: http://localhost/private_sale_site/
[Sun Aug 18 15:50:10.438212 2024] [php:error] [pid 8072:tid 1828] [client ::1:52481] script 'C:/xampp/htdocs/private_sale_site/pages/register.php' not found or unable to stat, referer: http://localhost/private_sale_site/
[Sun Aug 18 16:01:40.781886 2024] [php:error] [pid 8072:tid 1828] [client ::1:52561] script 'C:/xampp/htdocs/private_sale_site/pages/signup_process.php' not found or unable to stat, referer: http://localhost/private_sale_site/pages/signup.html
[Sun Aug 18 16:02:39.447875 2024] [php:error] [pid 8072:tid 1828] [client ::1:52563] script 'C:/xampp/htdocs/private_sale_site/pages/signup_process.php' not found or unable to stat, referer: http://localhost/private_sale_site/pages/signup.html
[Sun Aug 18 16:02:42.980905 2024] [php:error] [pid 8072:tid 1828] [client ::1:52563] script 'C:/xampp/htdocs/private_sale_site/pages/signup_process.php' not found or unable to stat, referer: http://localhost/private_sale_site/pages/signup.html
[Sun Aug 18 16:06:35.465354 2024] [php:warn] [pid 8072:tid 1828] [client ::1:52590] PHP Warning:  file_get_contents(fetch_sales.php): Failed to open stream: No such file or directory in C:\\xampp\\htdocs\\private_sale_site\\pages\\customer_dashboard.php on line 9, referer: http://localhost/private_sale_site/pages/login.html
[Sun Aug 18 16:07:29.535504 2024] [php:warn] [pid 8072:tid 1828] [client ::1:52596] PHP Warning:  file_get_contents(fetch_sales.php): Failed to open stream: No such file or directory in C:\\xampp\\htdocs\\private_sale_site\\pages\\customer_dashboard.php on line 9, referer: http://localhost/private_sale_site/pages/login.html
[Sun Aug 18 16:11:17.381997 2024] [php:error] [pid 8072:tid 1828] [client ::1:52614] script 'C:/xampp/htdocs/private_sale_site/pages/add_sale.php' not found or unable to stat, referer: http://localhost/private_sale_site/pages/professional_dashboard.php
[Sun Aug 18 16:12:06.167474 2024] [php:error] [pid 8072:tid 1828] [client ::1:52616] script 'C:/xampp/htdocs/private_sale_site/pages/add_sale.php' not found or unable to stat, referer: http://localhost/private_sale_site/pages/professional_dashboard.php
[Sun Aug 18 16:13:14.831361 2024] [php:error] [pid 8072:tid 1828] [client ::1:52618] script 'C:/xampp/htdocs/private_sale_site/pages/view_sales.php' not found or unable to stat, referer: http://localhost/private_sale_site/pages/professional_dashboard.php
[Sun Aug 18 16:25:20.190760 2024] [php:error] [pid 8072:tid 1828] [client ::1:52664] script 'C:/xampp/htdocs/private_sale_site/pages/fetchsales.php' not found or unable to stat, referer: http://localhost/private_sale_site/pages/customer_dashboard.php
[Sun Aug 18 16:25:22.969909 2024] [php:error] [pid 8072:tid 1828] [client ::1:52664] script 'C:/xampp/htdocs/private_sale_site/pages/fetchsales.php' not found or unable to stat, referer: http://localhost/private_sale_site/pages/customer_dashboard.php
[Sun Aug 18 16:25:23.167391 2024] [php:error] [pid 8072:tid 1828] [client ::1:52664] script 'C:/xampp/htdocs/private_sale_site/pages/fetchsales.php' not found or unable to stat, referer: http://localhost/private_sale_site/pages/customer_dashboard.php
[Sun Aug 18 16:25:23.363930 2024] [php:error] [pid 8072:tid 1828] [client ::1:52664] script 'C:/xampp/htdocs/private_sale_site/pages/fetchsales.php' not found or unable to stat, referer: http://localhost/private_sale_site/pages/customer_dashboard.php
[Sun Aug 18 16:25:23.547614 2024] [php:error] [pid 8072:tid 1828] [client ::1:52664] script 'C:/xampp/htdocs/private_sale_site/pages/fetchsales.php' not found or unable to stat, referer: http://localhost/private_sale_site/pages/customer_dashboard.php
[Sun Aug 18 16:26:13.818238 2024] [php:error] [pid 8072:tid 1828] [client ::1:52667] PHP Fatal error:  Uncaught Error: Undefined constant "console" in C:\\xampp\\htdocs\\private_sale_site\\pages\\customer_dashboard.php:11\nStack trace:\n#0 {main}\n  thrown in C:\\xampp\\htdocs\\private_sale_site\\pages\\customer_dashboard.php on line 11, referer: http://localhost/private_sale_site/pages/login.html
[Sun Aug 18 17:13:26.254215 2024] [php:warn] [pid 8072:tid 1820] [client ::1:53045] PHP Warning:  Array to string conversion in C:\\xampp\\htdocs\\private_sale_site\\pages\\customer_dashboard.php on line 22, referer: http://localhost/private_sale_site/pages/login.html
[Sun Aug 18 17:35:33.850530 2024] [php:error] [pid 8072:tid 1820] [client ::1:53243] script 'C:/xampp/htdocs/private_sale_site/includes/fetch_items.php' not found or unable to stat, referer: http://localhost/private_sale_site/pages/customer_dashboard.php
[Sun Aug 18 17:35:35.657534 2024] [php:error] [pid 8072:tid 1820] [client ::1:53243] script 'C:/xampp/htdocs/private_sale_site/includes/fetch_items.php' not found or unable to stat, referer: http://localhost/private_sale_site/pages/customer_dashboard.php
[Sun Aug 18 17:35:35.912434 2024] [php:error] [pid 8072:tid 1820] [client ::1:53243] script 'C:/xampp/htdocs/private_sale_site/includes/fetch_items.php' not found or unable to stat, referer: http://localhost/private_sale_site/pages/customer_dashboard.php
[Sun Aug 18 17:35:36.071526 2024] [php:error] [pid 8072:tid 1820] [client ::1:53243] script 'C:/xampp/htdocs/private_sale_site/includes/fetch_items.php' not found or unable to stat, referer: http://localhost/private_sale_site/pages/customer_dashboard.php
[Sun Aug 18 22:26:46.909844 2024] [php:error] [pid 8072:tid 1828] [client ::1:53553] script 'C:/xampp/htdocs/private_sale_site/includes/fetch_items.php' not found or unable to stat, referer: http://localhost/private_sale_site/pages/customer_dashboard.php
[Sun Aug 18 22:52:12.062971 2024] [php:error] [pid 8072:tid 1828] [client ::1:53631] script 'C:/xampp/htdocs/private_sale_site/pages/additems.php' not found or unable to stat, referer: http://localhost/private_sale_site/pages/professional_dashboard.php
[Sun Aug 18 23:26:16.593741 2024] [php:warn] [pid 8072:tid 1828] [client ::1:53903] PHP Warning:  move_uploaded_file(../uploads/Screenshot (1).png): Failed to open stream: No such file or directory in C:\\xampp\\htdocs\\private_sale_site\\includes\\additems.php on line 21, referer: http://localhost/private_sale_site/pages/additems.php
[Sun Aug 18 23:26:16.593741 2024] [php:warn] [pid 8072:tid 1828] [client ::1:53903] PHP Warning:  move_uploaded_file(): Unable to move &quot;C:\\xampp\\tmp\\php921D.tmp&quot; to &quot;../uploads/Screenshot (1).png&quot; in C:\\xampp\\htdocs\\private_sale_site\\includes\\additems.php on line 21, referer: http://localhost/private_sale_site/pages/additems.php
[Sun Aug 18 23:27:50.296988 2024] [php:error] [pid 8072:tid 1828] [client ::1:53906] script 'C:/xampp/htdocs/private_sale_site/includes/professional_dashboard.php' not found or unable to stat, referer: http://localhost/private_sale_site/pages/additems.php
[Sun Aug 18 23:35:10.052243 2024] [php:error] [pid 8072:tid 1816] [client ::1:53991] script 'C:/xampp/htdocs/private_sale_site/includes/professional_dashboard.php' not found or unable to stat, referer: http://localhost/private_sale_site/pages/additems.php
[Sun Aug 18 23:36:48.753500 2024] [php:error] [pid 8072:tid 1816] [client ::1:54012] script 'C:/xampp/htdocs/private_sale_site/includes/professional_dashboard.php' not found or unable to stat, referer: http://localhost/private_sale_site/pages/additems.php
[Sun Aug 18 23:40:06.802188 2024] [php:error] [pid 8072:tid 1816] [client ::1:54035] script 'C:/xampp/htdocs/private_sale_site/includes/professional_dashboard.php' not found or unable to stat, referer: http://localhost/private_sale_site/pages/additems.php
[Sun Aug 18 23:45:06.226018 2024] [php:error] [pid 8072:tid 1816] [client ::1:54047] script 'C:/xampp/htdocs/private_sale_site/includes/professional_dashboard.php' not found or unable to stat, referer: http://localhost/private_sale_site/pages/additems.php
[Sun Aug 18 23:47:54.281732 2024] [php:error] [pid 8072:tid 1816] [client ::1:54061] script 'C:/xampp/htdocs/private_sale_site/includes/professional_dashboard.php' not found or unable to stat, referer: http://localhost/private_sale_site/pages/additems.php
[Sun Aug 18 23:48:18.932973 2024] [php:error] [pid 8072:tid 1816] [client ::1:54070] script 'C:/xampp/htdocs/private_sale_site/includes/professional_dashboard.php' not found or unable to stat, referer: http://localhost/private_sale_site/pages/additems.php
[Sun Aug 18 23:49:01.604106 2024] [php:error] [pid 8072:tid 1816] [client ::1:54082] script 'C:/xampp/htdocs/private_sale_site/includes/professional_dashboard.php' not found or unable to stat, referer: http://localhost/private_sale_site/pages/additems.php
[Sun Aug 18 23:50:05.701453 2024] [php:error] [pid 8072:tid 1816] [client ::1:54085] script 'C:/xampp/htdocs/private_sale_site/includes/professional_dashboard.php' not found or unable to stat, referer: http://localhost/private_sale_site/pages/additems.php
[Mon Aug 19 00:38:37.540360 2024] [php:error] [pid 8072:tid 1816] [client ::1:54265] PHP Fatal error:  Uncaught ArgumentCountError: The number of elements in the type definition string must match the number of bind variables in C:\\xampp\\htdocs\\private_sale_site\\includes\\additems.php:44\nStack trace:\n#0 C:\\xampp\\htdocs\\private_sale_site\\includes\\additems.php(44): mysqli_stmt->bind_param('isssssdi', 1, 'qer', 'ddd', 'dss', 'sdd', 'dsdv', '66c246b583a8c_S...', 245.0, 55)\n#1 {main}\n  thrown in C:\\xampp\\htdocs\\private_sale_site\\includes\\additems.php on line 44, referer: http://localhost/private_sale_site/pages/additems.php
[Mon Aug 19 00:47:55.082847 2024] [php:warn] [pid 8072:tid 1816] [client ::1:54286] PHP Warning:  Cannot modify header information - headers already sent by (output started at C:\\xampp\\htdocs\\private_sale_site\\includes\\additems.php:33) in C:\\xampp\\htdocs\\private_sale_site\\includes\\additems.php on line 64, referer: http://localhost/private_sale_site/pages/additems.php
[Mon Aug 19 00:51:11.850734 2024] [php:warn] [pid 8072:tid 1852] [client ::1:54321] PHP Warning:  Cannot modify header information - headers already sent by (output started at C:\\xampp\\htdocs\\private_sale_site\\includes\\additems.php:33) in C:\\xampp\\htdocs\\private_sale_site\\includes\\additems.php on line 64, referer: http://localhost/private_sale_site/pages/additems.php
[Mon Aug 19 00:51:33.206688 2024] [php:warn] [pid 8072:tid 1852] [client ::1:54326] PHP Warning:  Cannot modify header information - headers already sent by (output started at C:\\xampp\\htdocs\\private_sale_site\\includes\\additems.php:33) in C:\\xampp\\htdocs\\private_sale_site\\includes\\additems.php on line 64, referer: http://localhost/private_sale_site/pages/additems.php
[Mon Aug 19 00:53:05.473688 2024] [php:error] [pid 8072:tid 1852] [client ::1:54332] PHP Fatal error:  Uncaught ArgumentCountError: The number of elements in the type definition string must match the number of bind variables in C:\\xampp\\htdocs\\private_sale_site\\includes\\additems.php:43\nStack trace:\n#0 C:\\xampp\\htdocs\\private_sale_site\\includes\\additems.php(43): mysqli_stmt->bind_param('issssssdii', 1, 'qer2', 'ddd2', 'dss2', 'sdd2', 'dsdv2', '66c24a19730b8_S...', 2452.0, 552)\n#1 {main}\n  thrown in C:\\xampp\\htdocs\\private_sale_site\\includes\\additems.php on line 43, referer: http://localhost/private_sale_site/pages/additems.php
[Mon Aug 19 01:05:10.180237 2024] [php:error] [pid 8072:tid 1852] [client ::1:54380] PHP Fatal error:  Uncaught mysqli_sql_exception: Unknown column 'name' in 'field list' in C:\\xampp\\htdocs\\private_sale_site\\includes\\fetch_items.php:9\nStack trace:\n#0 C:\\xampp\\htdocs\\private_sale_site\\includes\\fetch_items.php(9): mysqli->prepare('SELECT name, de...')\n#1 {main}\n  thrown in C:\\xampp\\htdocs\\private_sale_site\\includes\\fetch_items.php on line 9, referer: http://localhost/private_sale_site/pages/customer_dashboard.php
[Mon Aug 19 01:05:43.308613 2024] [php:error] [pid 8072:tid 1852] [client ::1:54388] PHP Fatal error:  Uncaught mysqli_sql_exception: Unknown column 'name' in 'field list' in C:\\xampp\\htdocs\\private_sale_site\\includes\\fetch_items.php:9\nStack trace:\n#0 C:\\xampp\\htdocs\\private_sale_site\\includes\\fetch_items.php(9): mysqli->prepare('SELECT name, de...')\n#1 {main}\n  thrown in C:\\xampp\\htdocs\\private_sale_site\\includes\\fetch_items.php on line 9, referer: http://localhost/private_sale_site/pages/customer_dashboard.php
[Mon Aug 19 01:11:47.411877 2024] [php:error] [pid 8072:tid 1852] [client ::1:54410] PHP Fatal error:  Uncaught mysqli_sql_exception: Unknown column 'name' in 'field list' in C:\\xampp\\htdocs\\private_sale_site\\includes\\fetch_items.php:9\nStack trace:\n#0 C:\\xampp\\htdocs\\private_sale_site\\includes\\fetch_items.php(9): mysqli->prepare('SELECT name, de...')\n#1 {main}\n  thrown in C:\\xampp\\htdocs\\private_sale_site\\includes\\fetch_items.php on line 9, referer: http://localhost/private_sale_site/pages/items.html?sale_id=1
[Mon Aug 19 01:11:57.805820 2024] [php:error] [pid 8072:tid 1852] [client ::1:54414] PHP Fatal error:  Uncaught mysqli_sql_exception: Unknown column 'name' in 'field list' in C:\\xampp\\htdocs\\private_sale_site\\includes\\fetch_items.php:9\nStack trace:\n#0 C:\\xampp\\htdocs\\private_sale_site\\includes\\fetch_items.php(9): mysqli->prepare('SELECT name, de...')\n#1 {main}\n  thrown in C:\\xampp\\htdocs\\private_sale_site\\includes\\fetch_items.php on line 9, referer: http://localhost/private_sale_site/pages/items.html?sale_id=1
[Mon Aug 19 01:12:04.857917 2024] [php:error] [pid 8072:tid 1852] [client ::1:54420] PHP Fatal error:  Uncaught mysqli_sql_exception: Unknown column 'name' in 'field list' in C:\\xampp\\htdocs\\private_sale_site\\includes\\fetch_items.php:9\nStack trace:\n#0 C:\\xampp\\htdocs\\private_sale_site\\includes\\fetch_items.php(9): mysqli->prepare('SELECT name, de...')\n#1 {main}\n  thrown in C:\\xampp\\htdocs\\private_sale_site\\includes\\fetch_items.php on line 9, referer: http://localhost/private_sale_site/pages/items.html?sale_id=1
[Mon Aug 19 01:25:51.506476 2024] [php:error] [pid 8072:tid 1820] [client ::1:54739] script 'C:/xampp/htdocs/private_sale_site/pages/logout.php' not found or unable to stat, referer: http://localhost/private_sale_site/pages/customer_dashboard.php
[Tue Aug 20 01:51:12.882968 2024] [php:warn] [pid 8072:tid 1852] [client ::1:56600] PHP Warning:  Undefined variable $sales in C:\\xampp\\htdocs\\private_sale_site\\pages\\professionalview.php on line 36, referer: http://localhost/private_sale_site/pages/professional_dashboard.php
[Tue Aug 20 01:53:54.280889 2024] [php:error] [pid 8072:tid 1852] [client ::1:56613] script 'C:/xampp/htdocs/private_sale_site/pages/edit_sale.php' not found or unable to stat, referer: http://localhost/private_sale_site/pages/professionalview.php
[Tue Aug 20 01:55:02.223419 2024] [php:error] [pid 8072:tid 1852] [client ::1:56621] script 'C:/xampp/htdocs/private_sale_site/pages/edit_sale.php' not found or unable to stat, referer: http://localhost/private_sale_site/pages/professionalview.php
[Tue Aug 20 01:55:06.256262 2024] [php:error] [pid 8072:tid 1852] [client ::1:56621] script 'C:/xampp/htdocs/private_sale_site/pages/update_sale.php' not found or unable to stat, referer: http://localhost/private_sale_site/pages/professionalview.php
[Tue Aug 20 02:01:30.285837 2024] [php:warn] [pid 8072:tid 1852] [client ::1:56653] PHP Warning:  Undefined array key "$formatted_start_date" in C:\\xampp\\htdocs\\private_sale_site\\pages\\edit_sales.php on line 51, referer: http://localhost/private_sale_site/pages/professionalview.php
[Tue Aug 20 02:01:30.285837 2024] [php:warn] [pid 8072:tid 1852] [client ::1:56653] PHP Warning:  Undefined array key "$formatted_end_date" in C:\\xampp\\htdocs\\private_sale_site\\pages\\edit_sales.php on line 54, referer: http://localhost/private_sale_site/pages/professionalview.php
[Tue Aug 20 02:03:37.393463 2024] [php:warn] [pid 8072:tid 1852] [client ::1:56666] PHP Warning:  Undefined array key "description" in C:\\xampp\\htdocs\\private_sale_site\\pages\\edit_sales.php on line 62, referer: http://localhost/private_sale_site/pages/professionalview.php
[Tue Aug 20 02:04:31.543800 2024] [php:warn] [pid 8072:tid 1852] [client ::1:56674] PHP Warning:  Undefined array key "description" in C:\\xampp\\htdocs\\private_sale_site\\pages\\edit_sales.php on line 61, referer: http://localhost/private_sale_site/pages/professionalview.php
[Tue Aug 20 02:05:07.530940 2024] [php:warn] [pid 8072:tid 1852] [client ::1:56678] PHP Warning:  Undefined array key "description" in C:\\xampp\\htdocs\\private_sale_site\\pages\\edit_sales.php on line 61, referer: http://localhost/private_sale_site/pages/professionalview.php
[Tue Aug 20 02:05:07.764248 2024] [php:warn] [pid 8072:tid 1852] [client ::1:56678] PHP Warning:  Undefined array key "description" in C:\\xampp\\htdocs\\private_sale_site\\pages\\edit_sales.php on line 61, referer: http://localhost/private_sale_site/pages/professionalview.php
[Tue Aug 20 02:06:46.659549 2024] [php:warn] [pid 8072:tid 1852] [client ::1:56685] PHP Warning:  Undefined array key "description" in C:\\xampp\\htdocs\\private_sale_site\\pages\\edit_sales.php on line 65, referer: http://localhost/private_sale_site/pages/professionalview.php
[Tue Aug 20 02:07:16.202280 2024] [php:warn] [pid 8072:tid 1852] [client ::1:56690] PHP Warning:  Undefined array key "description" in C:\\xampp\\htdocs\\private_sale_site\\pages\\edit_sales.php on line 65, referer: http://localhost/private_sale_site/pages/professionalview.php
[Tue Aug 20 02:07:16.462640 2024] [php:warn] [pid 8072:tid 1852] [client ::1:56690] PHP Warning:  Undefined array key "description" in C:\\xampp\\htdocs\\private_sale_site\\pages\\edit_sales.php on line 65, referer: http://localhost/private_sale_site/pages/professionalview.php
[Tue Aug 20 02:07:20.649942 2024] [php:warn] [pid 8072:tid 1852] [client ::1:56690] PHP Warning:  Undefined array key "description" in C:\\xampp\\htdocs\\private_sale_site\\pages\\edit_sales.php on line 65, referer: http://localhost/private_sale_site/pages/professionalview.php
[Tue Aug 20 02:12:52.017531 2024] [php:warn] [pid 8072:tid 1816] [client ::1:56739] PHP Warning:  Undefined variable $sale in C:\\xampp\\htdocs\\private_sale_site\\pages\\customer_dashboard.php on line 8, referer: http://localhost/private_sale_site/pages/items.html?sale_id=2
[Tue Aug 20 02:18:09.289038 2024] [php:error] [pid 8072:tid 1816] [client ::1:56911] script 'C:/xampp/htdocs/private_sale_site/pages/logout.php' not found or unable to stat, referer: http://localhost/private_sale_site/pages/customer_dashboard.php
[Tue Aug 20 03:14:38.610115 2024] [php:error] [pid 8072:tid 1816] [client ::1:58047] script 'C:/xampp/htdocs/private_sale_site/user_dashboard.php' not found or unable to stat, referer: http://localhost/private_sale_site/pages/edit_user.php?user_id=2
[Tue Aug 20 03:17:53.334221 2024] [php:error] [pid 8072:tid 1816] [client ::1:58078] script 'C:/xampp/htdocs/private_sale_site/pages/user_dashboard.php' not found or unable to stat, referer: http://localhost/private_sale_site/pages/edit_user.php?user_id=2
[Tue Aug 20 03:17:55.324978 2024] [php:error] [pid 8072:tid 1816] [client ::1:58078] script 'C:/xampp/htdocs/private_sale_site/pages/user_dashboard.php' not found or unable to stat, referer: http://localhost/private_sale_site/pages/edit_user.php?user_id=2
[Tue Aug 20 03:25:22.554975 2024] [php:error] [pid 8072:tid 1816] [client ::1:58118] script 'C:/xampp/htdocs/private_sale_site/includes/fetch_categories.php' not found or unable to stat, referer: http://localhost/private_sale_site/pages/items.html?sale_id=2
[Tue Aug 20 03:25:22.755899 2024] [php:error] [pid 8072:tid 1852] [client ::1:58119] script 'C:/xampp/htdocs/private_sale_site/includes/fetch_categories.php' not found or unable to stat, referer: http://localhost/private_sale_site/pages/items.html?sale_id=2
[Tue Aug 20 03:45:04.912702 2024] [php:error] [pid 8072:tid 1816] [client ::1:58185] script 'C:/xampp/htdocs/private_sale_site/includes/fetch_categories.php' not found or unable to stat, referer: http://localhost/private_sale_site/pages/items.php?sale_id=2
[Tue Aug 20 03:47:09.388918 2024] [php:error] [pid 8072:tid 1852] [client ::1:58196] script 'C:/xampp/htdocs/private_sale_site/pages/items.php' not found or unable to stat
[Tue Aug 20 03:51:06.567733 2024] [php:error] [pid 8072:tid 1852] [client ::1:58213] PHP Fatal error:  Uncaught mysqli_sql_exception: Table 'private_site_db.categories' doesn't exist in C:\\xampp\\htdocs\\private_sale_site\\includes\\fetch_items.php:23\nStack trace:\n#0 C:\\xampp\\htdocs\\private_sale_site\\includes\\fetch_items.php(23): mysqli->prepare('\\r\\n        SELEC...')\n#1 {main}\n  thrown in C:\\xampp\\htdocs\\private_sale_site\\includes\\fetch_items.php on line 23, referer: http://localhost/private_sale_site/pages/items.html?sale_id=2
[Tue Aug 20 03:51:08.217590 2024] [php:error] [pid 8072:tid 1852] [client ::1:58213] PHP Fatal error:  Uncaught mysqli_sql_exception: Table 'private_site_db.categories' doesn't exist in C:\\xampp\\htdocs\\private_sale_site\\includes\\fetch_items.php:23\nStack trace:\n#0 C:\\xampp\\htdocs\\private_sale_site\\includes\\fetch_items.php(23): mysqli->prepare('\\r\\n        SELEC...')\n#1 {main}\n  thrown in C:\\xampp\\htdocs\\private_sale_site\\includes\\fetch_items.php on line 23, referer: http://localhost/private_sale_site/pages/items.html?sale_id=2
[Tue Aug 20 03:51:08.456271 2024] [php:error] [pid 8072:tid 1852] [client ::1:58213] PHP Fatal error:  Uncaught mysqli_sql_exception: Table 'private_site_db.categories' doesn't exist in C:\\xampp\\htdocs\\private_sale_site\\includes\\fetch_items.php:23\nStack trace:\n#0 C:\\xampp\\htdocs\\private_sale_site\\includes\\fetch_items.php(23): mysqli->prepare('\\r\\n        SELEC...')\n#1 {main}\n  thrown in C:\\xampp\\htdocs\\private_sale_site\\includes\\fetch_items.php on line 23, referer: http://localhost/private_sale_site/pages/items.html?sale_id=2
[Tue Aug 20 03:51:10.163596 2024] [php:error] [pid 8072:tid 1852] [client ::1:58213] script 'C:/xampp/htdocs/private_sale_site/pages/items.php' not found or unable to stat
[Tue Aug 20 03:51:13.280751 2024] [php:error] [pid 8072:tid 1852] [client ::1:58213] PHP Fatal error:  Uncaught mysqli_sql_exception: Table 'private_site_db.categories' doesn't exist in C:\\xampp\\htdocs\\private_sale_site\\includes\\fetch_items.php:23\nStack trace:\n#0 C:\\xampp\\htdocs\\private_sale_site\\includes\\fetch_items.php(23): mysqli->prepare('\\r\\n        SELEC...')\n#1 {main}\n  thrown in C:\\xampp\\htdocs\\private_sale_site\\includes\\fetch_items.php on line 23, referer: http://localhost/private_sale_site/pages/items.html?sale_id=2
[Tue Aug 20 03:53:56.830448 2024] [php:error] [pid 8072:tid 1852] [client ::1:58265] PHP Fatal error:  Uncaught mysqli_sql_exception: Table 'private_site_db.categories' doesn't exist in C:\\xampp\\htdocs\\private_sale_site\\includes\\fetch_items.php:23\nStack trace:\n#0 C:\\xampp\\htdocs\\private_sale_site\\includes\\fetch_items.php(23): mysqli->prepare('\\r\\n        SELEC...')\n#1 {main}\n  thrown in C:\\xampp\\htdocs\\private_sale_site\\includes\\fetch_items.php on line 23, referer: http://localhost/private_sale_site/pages/items.html?sale_id=2
[Tue Aug 20 03:54:34.680058 2024] [php:error] [pid 8072:tid 1852] [client ::1:58290] PHP Fatal error:  Uncaught mysqli_sql_exception: Table 'private_site_db.categories' doesn't exist in C:\\xampp\\htdocs\\private_sale_site\\includes\\fetch_items.php:23\nStack trace:\n#0 C:\\xampp\\htdocs\\private_sale_site\\includes\\fetch_items.php(23): mysqli->prepare('\\r\\n        SELEC...')\n#1 {main}\n  thrown in C:\\xampp\\htdocs\\private_sale_site\\includes\\fetch_items.php on line 23, referer: http://localhost/private_sale_site/pages/items.html?sale_id=2
[Tue Aug 20 03:54:35.834907 2024] [php:error] [pid 8072:tid 1852] [client ::1:58290] PHP Fatal error:  Uncaught mysqli_sql_exception: Table 'private_site_db.categories' doesn't exist in C:\\xampp\\htdocs\\private_sale_site\\includes\\fetch_items.php:23\nStack trace:\n#0 C:\\xampp\\htdocs\\private_sale_site\\includes\\fetch_items.php(23): mysqli->prepare('\\r\\n        SELEC...')\n#1 {main}\n  thrown in C:\\xampp\\htdocs\\private_sale_site\\includes\\fetch_items.php on line 23, referer: http://localhost/private_sale_site/pages/items.html?sale_id=2
[Tue Aug 20 03:54:36.100522 2024] [php:error] [pid 8072:tid 1852] [client ::1:58290] PHP Fatal error:  Uncaught mysqli_sql_exception: Table 'private_site_db.categories' doesn't exist in C:\\xampp\\htdocs\\private_sale_site\\includes\\fetch_items.php:23\nStack trace:\n#0 C:\\xampp\\htdocs\\private_sale_site\\includes\\fetch_items.php(23): mysqli->prepare('\\r\\n        SELEC...')\n#1 {main}\n  thrown in C:\\xampp\\htdocs\\private_sale_site\\includes\\fetch_items.php on line 23, referer: http://localhost/private_sale_site/pages/items.html?sale_id=2
[Tue Aug 20 03:54:36.395824 2024] [php:error] [pid 8072:tid 1852] [client ::1:58290] PHP Fatal error:  Uncaught mysqli_sql_exception: Table 'private_site_db.categories' doesn't exist in C:\\xampp\\htdocs\\private_sale_site\\includes\\fetch_items.php:23\nStack trace:\n#0 C:\\xampp\\htdocs\\private_sale_site\\includes\\fetch_items.php(23): mysqli->prepare('\\r\\n        SELEC...')\n#1 {main}\n  thrown in C:\\xampp\\htdocs\\private_sale_site\\includes\\fetch_items.php on line 23, referer: http://localhost/private_sale_site/pages/items.html?sale_id=2
[Tue Aug 20 03:54:58.159572 2024] [php:error] [pid 8072:tid 1852] [client ::1:58305] PHP Fatal error:  Uncaught mysqli_sql_exception: Table 'private_site_db.categories' doesn't exist in C:\\xampp\\htdocs\\private_sale_site\\includes\\fetch_items.php:23\nStack trace:\n#0 C:\\xampp\\htdocs\\private_sale_site\\includes\\fetch_items.php(23): mysqli->prepare('\\r\\n        SELEC...')\n#1 {main}\n  thrown in C:\\xampp\\htdocs\\private_sale_site\\includes\\fetch_items.php on line 23, referer: http://localhost/private_sale_site/pages/items.html?sale_id=2
[Tue Aug 20 03:54:58.344849 2024] [php:error] [pid 8072:tid 1852] [client ::1:58305] PHP Fatal error:  Uncaught mysqli_sql_exception: Table 'private_site_db.categories' doesn't exist in C:\\xampp\\htdocs\\private_sale_site\\includes\\fetch_items.php:23\nStack trace:\n#0 C:\\xampp\\htdocs\\private_sale_site\\includes\\fetch_items.php(23): mysqli->prepare('\\r\\n        SELEC...')\n#1 {main}\n  thrown in C:\\xampp\\htdocs\\private_sale_site\\includes\\fetch_items.php on line 23, referer: http://localhost/private_sale_site/pages/items.html?sale_id=2
[Tue Aug 20 03:54:58.548115 2024] [php:error] [pid 8072:tid 1852] [client ::1:58305] PHP Fatal error:  Uncaught mysqli_sql_exception: Table 'private_site_db.categories' doesn't exist in C:\\xampp\\htdocs\\private_sale_site\\includes\\fetch_items.php:23\nStack trace:\n#0 C:\\xampp\\htdocs\\private_sale_site\\includes\\fetch_items.php(23): mysqli->prepare('\\r\\n        SELEC...')\n#1 {main}\n  thrown in C:\\xampp\\htdocs\\private_sale_site\\includes\\fetch_items.php on line 23, referer: http://localhost/private_sale_site/pages/items.html?sale_id=2
[Tue Aug 20 04:02:03.377710 2024] [php:error] [pid 8072:tid 1852] [client ::1:58513] script 'C:/xampp/htdocs/private_sale_site/includes/fetch_items_and_categories.php' not found or unable to stat, referer: http://localhost/private_sale_site/pages/items.html?sale_id=2
[Tue Aug 20 04:02:38.736205 2024] [php:error] [pid 8072:tid 1852] [client ::1:58532] PHP Fatal error:  Uncaught mysqli_sql_exception: Table 'private_site_db.categories' doesn't exist in C:\\xampp\\htdocs\\private_sale_site\\includes\\fetch_items.php:23\nStack trace:\n#0 C:\\xampp\\htdocs\\private_sale_site\\includes\\fetch_items.php(23): mysqli->prepare('\\r\\n        SELEC...')\n#1 {main}\n  thrown in C:\\xampp\\htdocs\\private_sale_site\\includes\\fetch_items.php on line 23, referer: http://localhost/private_sale_site/pages/items.html?sale_id=2
[Tue Aug 20 04:02:40.518405 2024] [php:error] [pid 8072:tid 1852] [client ::1:58532] PHP Fatal error:  Uncaught mysqli_sql_exception: Table 'private_site_db.categories' doesn't exist in C:\\xampp\\htdocs\\private_sale_site\\includes\\fetch_items.php:23\nStack trace:\n#0 C:\\xampp\\htdocs\\private_sale_site\\includes\\fetch_items.php(23): mysqli->prepare('\\r\\n        SELEC...')\n#1 {main}\n  thrown in C:\\xampp\\htdocs\\private_sale_site\\includes\\fetch_items.php on line 23, referer: http://localhost/private_sale_site/pages/items.html?sale_id=2
[Tue Aug 20 04:02:40.686600 2024] [php:error] [pid 8072:tid 1852] [client ::1:58532] PHP Fatal error:  Uncaught mysqli_sql_exception: Table 'private_site_db.categories' doesn't exist in C:\\xampp\\htdocs\\private_sale_site\\includes\\fetch_items.php:23\nStack trace:\n#0 C:\\xampp\\htdocs\\private_sale_site\\includes\\fetch_items.php(23): mysqli->prepare('\\r\\n        SELEC...')\n#1 {main}\n  thrown in C:\\xampp\\htdocs\\private_sale_site\\includes\\fetch_items.php on line 23, referer: http://localhost/private_sale_site/pages/items.html?sale_id=2
[Tue Aug 20 04:03:45.605814 2024] [php:error] [pid 8072:tid 1852] [client ::1:58569] PHP Fatal error:  Uncaught mysqli_sql_exception: Table 'private_site_db.categories' doesn't exist in C:\\xampp\\htdocs\\private_sale_site\\includes\\fetch_items.php:23\nStack trace:\n#0 C:\\xampp\\htdocs\\private_sale_site\\includes\\fetch_items.php(23): mysqli->prepare('\\r\\n        SELEC...')\n#1 {main}\n  thrown in C:\\xampp\\htdocs\\private_sale_site\\includes\\fetch_items.php on line 23, referer: http://localhost/private_sale_site/pages/items.html?sale_id=2
[Tue Aug 20 04:03:46.302628 2024] [php:error] [pid 8072:tid 1852] [client ::1:58569] PHP Fatal error:  Uncaught mysqli_sql_exception: Table 'private_site_db.categories' doesn't exist in C:\\xampp\\htdocs\\private_sale_site\\includes\\fetch_items.php:23\nStack trace:\n#0 C:\\xampp\\htdocs\\private_sale_site\\includes\\fetch_items.php(23): mysqli->prepare('\\r\\n        SELEC...')\n#1 {main}\n  thrown in C:\\xampp\\htdocs\\private_sale_site\\includes\\fetch_items.php on line 23, referer: http://localhost/private_sale_site/pages/items.html?sale_id=2
[Tue Aug 20 04:03:46.510061 2024] [php:error] [pid 8072:tid 1852] [client ::1:58569] PHP Fatal error:  Uncaught mysqli_sql_exception: Table 'private_site_db.categories' doesn't exist in C:\\xampp\\htdocs\\private_sale_site\\includes\\fetch_items.php:23\nStack trace:\n#0 C:\\xampp\\htdocs\\private_sale_site\\includes\\fetch_items.php(23): mysqli->prepare('\\r\\n        SELEC...')\n#1 {main}\n  thrown in C:\\xampp\\htdocs\\private_sale_site\\includes\\fetch_items.php on line 23, referer: http://localhost/private_sale_site/pages/items.html?sale_id=2
[Tue Aug 20 04:03:46.721555 2024] [php:error] [pid 8072:tid 1852] [client ::1:58569] PHP Fatal error:  Uncaught mysqli_sql_exception: Table 'private_site_db.categories' doesn't exist in C:\\xampp\\htdocs\\private_sale_site\\includes\\fetch_items.php:23\nStack trace:\n#0 C:\\xampp\\htdocs\\private_sale_site\\includes\\fetch_items.php(23): mysqli->prepare('\\r\\n        SELEC...')\n#1 {main}\n  thrown in C:\\xampp\\htdocs\\private_sale_site\\includes\\fetch_items.php on line 23, referer: http://localhost/private_sale_site/pages/items.html?sale_id=2
[Tue Aug 20 04:03:48.994535 2024] [php:error] [pid 8072:tid 1852] [client ::1:58569] PHP Fatal error:  Uncaught Error: Call to undefined function fetchSales() in C:\\xampp\\htdocs\\private_sale_site\\pages\\customer_dashboard.php:5\nStack trace:\n#0 {main}\n  thrown in C:\\xampp\\htdocs\\private_sale_site\\pages\\customer_dashboard.php on line 5, referer: http://localhost/private_sale_site/pages/login.html
[Tue Aug 20 04:03:59.739301 2024] [php:error] [pid 8072:tid 1852] [client ::1:58580] PHP Fatal error:  Uncaught mysqli_sql_exception: Table 'private_site_db.categories' doesn't exist in C:\\xampp\\htdocs\\private_sale_site\\includes\\fetch_items.php:23\nStack trace:\n#0 C:\\xampp\\htdocs\\private_sale_site\\includes\\fetch_items.php(23): mysqli->prepare('\\r\\n        SELEC...')\n#1 {main}\n  thrown in C:\\xampp\\htdocs\\private_sale_site\\includes\\fetch_items.php on line 23, referer: http://localhost/private_sale_site/pages/items.html?sale_id=2
[Tue Aug 20 04:03:59.968545 2024] [php:error] [pid 8072:tid 1852] [client ::1:58580] PHP Fatal error:  Uncaught mysqli_sql_exception: Table 'private_site_db.categories' doesn't exist in C:\\xampp\\htdocs\\private_sale_site\\includes\\fetch_items.php:23\nStack trace:\n#0 C:\\xampp\\htdocs\\private_sale_site\\includes\\fetch_items.php(23): mysqli->prepare('\\r\\n        SELEC...')\n#1 {main}\n  thrown in C:\\xampp\\htdocs\\private_sale_site\\includes\\fetch_items.php on line 23, referer: http://localhost/private_sale_site/pages/items.html?sale_id=2
[Tue Aug 20 04:04:00.203586 2024] [php:error] [pid 8072:tid 1852] [client ::1:58580] PHP Fatal error:  Uncaught mysqli_sql_exception: Table 'private_site_db.categories' doesn't exist in C:\\xampp\\htdocs\\private_sale_site\\includes\\fetch_items.php:23\nStack trace:\n#0 C:\\xampp\\htdocs\\private_sale_site\\includes\\fetch_items.php(23): mysqli->prepare('\\r\\n        SELEC...')\n#1 {main}\n  thrown in C:\\xampp\\htdocs\\private_sale_site\\includes\\fetch_items.php on line 23, referer: http://localhost/private_sale_site/pages/items.html?sale_id=2
[Tue Aug 20 04:04:25.086914 2024] [php:error] [pid 8072:tid 1852] [client ::1:58598] PHP Fatal error:  Uncaught mysqli_sql_exception: Table 'private_site_db.categories' doesn't exist in C:\\xampp\\htdocs\\private_sale_site\\includes\\fetch_items.php:23\nStack trace:\n#0 C:\\xampp\\htdocs\\private_sale_site\\includes\\fetch_items.php(23): mysqli->prepare('\\r\\n        SELEC...')\n#1 {main}\n  thrown in C:\\xampp\\htdocs\\private_sale_site\\includes\\fetch_items.php on line 23, referer: http://localhost/private_sale_site/pages/items.html?sale_id=2
[Tue Aug 20 04:04:25.301042 2024] [php:error] [pid 8072:tid 1852] [client ::1:58598] PHP Fatal error:  Uncaught mysqli_sql_exception: Table 'private_site_db.categories' doesn't exist in C:\\xampp\\htdocs\\private_sale_site\\includes\\fetch_items.php:23\nStack trace:\n#0 C:\\xampp\\htdocs\\private_sale_site\\includes\\fetch_items.php(23): mysqli->prepare('\\r\\n        SELEC...')\n#1 {main}\n  thrown in C:\\xampp\\htdocs\\private_sale_site\\includes\\fetch_items.php on line 23, referer: http://localhost/private_sale_site/pages/items.html?sale_id=2
[Tue Aug 20 04:04:27.770145 2024] [php:error] [pid 8072:tid 1852] [client ::1:58598] PHP Fatal error:  Uncaught mysqli_sql_exception: Table 'private_site_db.categories' doesn't exist in C:\\xampp\\htdocs\\private_sale_site\\includes\\fetch_items.php:23\nStack trace:\n#0 C:\\xampp\\htdocs\\private_sale_site\\includes\\fetch_items.php(23): mysqli->prepare('\\r\\n        SELEC...')\n#1 {main}\n  thrown in C:\\xampp\\htdocs\\private_sale_site\\includes\\fetch_items.php on line 23, referer: http://localhost/private_sale_site/pages/items.html?sale_id=2
[Tue Aug 20 04:04:27.953656 2024] [php:error] [pid 8072:tid 1852] [client ::1:58598] PHP Fatal error:  Uncaught mysqli_sql_exception: Table 'private_site_db.categories' doesn't exist in C:\\xampp\\htdocs\\private_sale_site\\includes\\fetch_items.php:23\nStack trace:\n#0 C:\\xampp\\htdocs\\private_sale_site\\includes\\fetch_items.php(23): mysqli->prepare('\\r\\n        SELEC...')\n#1 {main}\n  thrown in C:\\xampp\\htdocs\\private_sale_site\\includes\\fetch_items.php on line 23, referer: http://localhost/private_sale_site/pages/items.html?sale_id=2
[Tue Aug 20 04:04:28.147012 2024] [php:error] [pid 8072:tid 1852] [client ::1:58598] PHP Fatal error:  Uncaught mysqli_sql_exception: Table 'private_site_db.categories' doesn't exist in C:\\xampp\\htdocs\\private_sale_site\\includes\\fetch_items.php:23\nStack trace:\n#0 C:\\xampp\\htdocs\\private_sale_site\\includes\\fetch_items.php(23): mysqli->prepare('\\r\\n        SELEC...')\n#1 {main}\n  thrown in C:\\xampp\\htdocs\\private_sale_site\\includes\\fetch_items.php on line 23, referer: http://localhost/private_sale_site/pages/items.html?sale_id=2
[Tue Aug 20 04:04:28.317974 2024] [php:error] [pid 8072:tid 1852] [client ::1:58598] PHP Fatal error:  Uncaught mysqli_sql_exception: Table 'private_site_db.categories' doesn't exist in C:\\xampp\\htdocs\\private_sale_site\\includes\\fetch_items.php:23\nStack trace:\n#0 C:\\xampp\\htdocs\\private_sale_site\\includes\\fetch_items.php(23): mysqli->prepare('\\r\\n        SELEC...')\n#1 {main}\n  thrown in C:\\xampp\\htdocs\\private_sale_site\\includes\\fetch_items.php on line 23, referer: http://localhost/private_sale_site/pages/items.html?sale_id=2
[Tue Aug 20 04:04:28.505095 2024] [php:error] [pid 8072:tid 1852] [client ::1:58598] PHP Fatal error:  Uncaught mysqli_sql_exception: Table 'private_site_db.categories' doesn't exist in C:\\xampp\\htdocs\\private_sale_site\\includes\\fetch_items.php:23\nStack trace:\n#0 C:\\xampp\\htdocs\\private_sale_site\\includes\\fetch_items.php(23): mysqli->prepare('\\r\\n        SELEC...')\n#1 {main}\n  thrown in C:\\xampp\\htdocs\\private_sale_site\\includes\\fetch_items.php on line 23, referer: http://localhost/private_sale_site/pages/items.html?sale_id=2
[Tue Aug 20 04:05:10.502429 2024] [php:error] [pid 8072:tid 1852] [client ::1:58627] PHP Fatal error:  Uncaught mysqli_sql_exception: Table 'private_site_db.categories' doesn't exist in C:\\xampp\\htdocs\\private_sale_site\\includes\\fetch_items.php:23\nStack trace:\n#0 C:\\xampp\\htdocs\\private_sale_site\\includes\\fetch_items.php(23): mysqli->prepare('\\r\\n        SELEC...')\n#1 {main}\n  thrown in C:\\xampp\\htdocs\\private_sale_site\\includes\\fetch_items.php on line 23, referer: http://localhost/private_sale_site/pages/items.html?sale_id=2
[Tue Aug 20 04:05:33.837218 2024] [php:error] [pid 8072:tid 1852] [client ::1:58639] PHP Fatal error:  Uncaught mysqli_sql_exception: Table 'private_site_db.categories' doesn't exist in C:\\xampp\\htdocs\\private_sale_site\\includes\\fetch_items.php:23\nStack trace:\n#0 C:\\xampp\\htdocs\\private_sale_site\\includes\\fetch_items.php(23): mysqli->prepare('\\r\\n        SELEC...')\n#1 {main}\n  thrown in C:\\xampp\\htdocs\\private_sale_site\\includes\\fetch_items.php on line 23, referer: http://localhost/private_sale_site/pages/items.html?sale_id=2
[Tue Aug 20 04:07:10.342626 2024] [php:error] [pid 8072:tid 1852] [client ::1:58684] script 'C:/xampp/htdocs/private_sale_site/includes/fetch_items_and_categories.php' not found or unable to stat, referer: http://localhost/private_sale_site/pages/items.html?sale_id=2
[Tue Aug 20 04:07:28.220308 2024] [php:error] [pid 8072:tid 1852] [client ::1:58693] PHP Fatal error:  Uncaught mysqli_sql_exception: Table 'private_site_db.categories' doesn't exist in C:\\xampp\\htdocs\\private_sale_site\\includes\\fetch_items.php:23\nStack trace:\n#0 C:\\xampp\\htdocs\\private_sale_site\\includes\\fetch_items.php(23): mysqli->prepare('\\r\\n        SELEC...')\n#1 {main}\n  thrown in C:\\xampp\\htdocs\\private_sale_site\\includes\\fetch_items.php on line 23, referer: http://localhost/private_sale_site/pages/items.html?sale_id=2
[Tue Aug 20 04:07:28.415547 2024] [php:error] [pid 8072:tid 1852] [client ::1:58693] PHP Fatal error:  Uncaught mysqli_sql_exception: Table 'private_site_db.categories' doesn't exist in C:\\xampp\\htdocs\\private_sale_site\\includes\\fetch_items.php:23\nStack trace:\n#0 C:\\xampp\\htdocs\\private_sale_site\\includes\\fetch_items.php(23): mysqli->prepare('\\r\\n        SELEC...')\n#1 {main}\n  thrown in C:\\xampp\\htdocs\\private_sale_site\\includes\\fetch_items.php on line 23, referer: http://localhost/private_sale_site/pages/items.html?sale_id=2
[Tue Aug 20 04:07:28.635744 2024] [php:error] [pid 8072:tid 1852] [client ::1:58693] PHP Fatal error:  Uncaught mysqli_sql_exception: Table 'private_site_db.categories' doesn't exist in C:\\xampp\\htdocs\\private_sale_site\\includes\\fetch_items.php:23\nStack trace:\n#0 C:\\xampp\\htdocs\\private_sale_site\\includes\\fetch_items.php(23): mysqli->prepare('\\r\\n        SELEC...')\n#1 {main}\n  thrown in C:\\xampp\\htdocs\\private_sale_site\\includes\\fetch_items.php on line 23, referer: http://localhost/private_sale_site/pages/items.html?sale_id=2
[Tue Aug 20 04:09:10.267178 2024] [php:error] [pid 8072:tid 1852] [client ::1:58743] PHP Fatal error:  Uncaught mysqli_sql_exception: Table 'private_site_db.categories' doesn't exist in C:\\xampp\\htdocs\\private_sale_site\\includes\\fetch_items.php:23\nStack trace:\n#0 C:\\xampp\\htdocs\\private_sale_site\\includes\\fetch_items.php(23): mysqli->prepare('\\r\\n        SELEC...')\n#1 {main}\n  thrown in C:\\xampp\\htdocs\\private_sale_site\\includes\\fetch_items.php on line 23, referer: http://localhost/private_sale_site/pages/items.html?sale_id=2
[Tue Aug 20 04:09:10.764399 2024] [php:error] [pid 8072:tid 1852] [client ::1:58743] PHP Fatal error:  Uncaught mysqli_sql_exception: Table 'private_site_db.categories' doesn't exist in C:\\xampp\\htdocs\\private_sale_site\\includes\\fetch_items.php:23\nStack trace:\n#0 C:\\xampp\\htdocs\\private_sale_site\\includes\\fetch_items.php(23): mysqli->prepare('\\r\\n        SELEC...')\n#1 {main}\n  thrown in C:\\xampp\\htdocs\\private_sale_site\\includes\\fetch_items.php on line 23, referer: http://localhost/private_sale_site/pages/items.html?sale_id=2
[Tue Aug 20 04:09:10.977681 2024] [php:error] [pid 8072:tid 1852] [client ::1:58743] PHP Fatal error:  Uncaught mysqli_sql_exception: Table 'private_site_db.categories' doesn't exist in C:\\xampp\\htdocs\\private_sale_site\\includes\\fetch_items.php:23\nStack trace:\n#0 C:\\xampp\\htdocs\\private_sale_site\\includes\\fetch_items.php(23): mysqli->prepare('\\r\\n        SELEC...')\n#1 {main}\n  thrown in C:\\xampp\\htdocs\\private_sale_site\\includes\\fetch_items.php on line 23, referer: http://localhost/private_sale_site/pages/items.html?sale_id=2
[Tue Aug 20 04:09:11.166119 2024] [php:error] [pid 8072:tid 1852] [client ::1:58743] PHP Fatal error:  Uncaught mysqli_sql_exception: Table 'private_site_db.categories' doesn't exist in C:\\xampp\\htdocs\\private_sale_site\\includes\\fetch_items.php:23\nStack trace:\n#0 C:\\xampp\\htdocs\\private_sale_site\\includes\\fetch_items.php(23): mysqli->prepare('\\r\\n        SELEC...')\n#1 {main}\n  thrown in C:\\xampp\\htdocs\\private_sale_site\\includes\\fetch_items.php on line 23, referer: http://localhost/private_sale_site/pages/items.html?sale_id=2
[Tue Aug 20 04:09:11.604006 2024] [php:error] [pid 8072:tid 1852] [client ::1:58743] PHP Fatal error:  Uncaught mysqli_sql_exception: Table 'private_site_db.categories' doesn't exist in C:\\xampp\\htdocs\\private_sale_site\\includes\\fetch_items.php:23\nStack trace:\n#0 C:\\xampp\\htdocs\\private_sale_site\\includes\\fetch_items.php(23): mysqli->prepare('\\r\\n        SELEC...')\n#1 {main}\n  thrown in C:\\xampp\\htdocs\\private_sale_site\\includes\\fetch_items.php on line 23, referer: http://localhost/private_sale_site/pages/items.html?sale_id=2
[Tue Aug 20 04:09:55.697612 2024] [php:error] [pid 8072:tid 1852] [client ::1:58771] PHP Fatal error:  Uncaught mysqli_sql_exception: Table 'private_site_db.categories' doesn't exist in C:\\xampp\\htdocs\\private_sale_site\\includes\\fetch_items.php:23\nStack trace:\n#0 C:\\xampp\\htdocs\\private_sale_site\\includes\\fetch_items.php(23): mysqli->prepare('\\r\\n        SELEC...')\n#1 {main}\n  thrown in C:\\xampp\\htdocs\\private_sale_site\\includes\\fetch_items.php on line 23, referer: http://localhost/private_sale_site/pages/items.html?sale_id=2
[Tue Aug 20 04:09:55.934657 2024] [php:error] [pid 8072:tid 1852] [client ::1:58771] PHP Fatal error:  Uncaught mysqli_sql_exception: Table 'private_site_db.categories' doesn't exist in C:\\xampp\\htdocs\\private_sale_site\\includes\\fetch_items.php:23\nStack trace:\n#0 C:\\xampp\\htdocs\\private_sale_site\\includes\\fetch_items.php(23): mysqli->prepare('\\r\\n        SELEC...')\n#1 {main}\n  thrown in C:\\xampp\\htdocs\\private_sale_site\\includes\\fetch_items.php on line 23, referer: http://localhost/private_sale_site/pages/items.html?sale_id=2
[Tue Aug 20 04:12:59.780166 2024] [php:error] [pid 8072:tid 1852] [client ::1:58861] PHP Fatal error:  Uncaught mysqli_sql_exception: Unknown column 'categories' in 'field list' in C:\\xampp\\htdocs\\private_sale_site\\includes\\fetch_items.php:22\nStack trace:\n#0 C:\\xampp\\htdocs\\private_sale_site\\includes\\fetch_items.php(22): mysqli->prepare('\\r\\n        SELEC...')\n#1 {main}\n  thrown in C:\\xampp\\htdocs\\private_sale_site\\includes\\fetch_items.php on line 22, referer: http://localhost/private_sale_site/pages/items.html?sale_id=2
[Tue Aug 20 04:13:00.177431 2024] [php:error] [pid 8072:tid 1852] [client ::1:58861] PHP Fatal error:  Uncaught mysqli_sql_exception: Unknown column 'categories' in 'field list' in C:\\xampp\\htdocs\\private_sale_site\\includes\\fetch_items.php:22\nStack trace:\n#0 C:\\xampp\\htdocs\\private_sale_site\\includes\\fetch_items.php(22): mysqli->prepare('\\r\\n        SELEC...')\n#1 {main}\n  thrown in C:\\xampp\\htdocs\\private_sale_site\\includes\\fetch_items.php on line 22, referer: http://localhost/private_sale_site/pages/items.html?sale_id=2
[Tue Aug 20 04:13:00.398432 2024] [php:error] [pid 8072:tid 1852] [client ::1:58861] PHP Fatal error:  Uncaught mysqli_sql_exception: Unknown column 'categories' in 'field list' in C:\\xampp\\htdocs\\private_sale_site\\includes\\fetch_items.php:22\nStack trace:\n#0 C:\\xampp\\htdocs\\private_sale_site\\includes\\fetch_items.php(22): mysqli->prepare('\\r\\n        SELEC...')\n#1 {main}\n  thrown in C:\\xampp\\htdocs\\private_sale_site\\includes\\fetch_items.php on line 22, referer: http://localhost/private_sale_site/pages/items.html?sale_id=2
[Tue Aug 20 10:47:55.253360 2024] [php:error] [pid 8072:tid 1852] [client ::1:61112] PHP Fatal error:  Uncaught Error: Call to undefined function fetchSales() in C:\\xampp\\htdocs\\private_sale_site\\pages\\customer_dashboard.php:5\nStack trace:\n#0 {main}\n  thrown in C:\\xampp\\htdocs\\private_sale_site\\pages\\customer_dashboard.php on line 5, referer: http://localhost/private_sale_site/pages/items.html?sale_id=2
[Tue Aug 20 10:54:38.498425 2024] [php:error] [pid 8072:tid 1816] [client ::1:61364] PHP Fatal error:  Uncaught Error: Call to undefined function fetchSales() in C:\\xampp\\htdocs\\private_sale_site\\pages\\professionalview.php:5\nStack trace:\n#0 {main}\n  thrown in C:\\xampp\\htdocs\\private_sale_site\\pages\\professionalview.php on line 5, referer: http://localhost/private_sale_site/pages/professional_dashboard.php
[Tue Aug 20 18:11:34.243924 2024] [php:error] [pid 8072:tid 1852] [client ::1:62197] PHP Fatal error:  Uncaught ArgumentCountError: The number of elements in the type definition string must match the number of bind variables in C:\\xampp\\htdocs\\private_sale_site\\includes\\additems.php:87\nStack trace:\n#0 C:\\xampp\\htdocs\\private_sale_site\\includes\\additems.php(87): mysqli_stmt->bind_param('issssssdi', 2, 'b', 1, 1, '32', '22', '22', '66c48efe3858b_S...', 21.0, 12)\n#1 {main}\n  thrown in C:\\xampp\\htdocs\\private_sale_site\\includes\\additems.php on line 87, referer: http://localhost/private_sale_site/pages/additems.php
[Tue Aug 20 18:13:04.127414 2024] [php:error] [pid 8072:tid 1852] [client ::1:62203] PHP Fatal error:  Uncaught ArgumentCountError: The number of elements in the type definition string must match the number of bind variables in C:\\xampp\\htdocs\\private_sale_site\\includes\\additems.php:87\nStack trace:\n#0 C:\\xampp\\htdocs\\private_sale_site\\includes\\additems.php(87): mysqli_stmt->bind_param('is ii sss s di', 2, 'b', 1, 1, '32', '22', '22', '66c48f581c7f7_S...', 21.0, 12)\n#1 {main}\n  thrown in C:\\xampp\\htdocs\\private_sale_site\\includes\\additems.php on line 87, referer: http://localhost/private_sale_site/pages/additems.php
[Tue Aug 20 18:26:05.692313 2024] [php:error] [pid 8072:tid 1852] [client ::1:62280] script 'C:/xampp/htdocs/private_sale_site/includes/fetch_categories.php' not found or unable to stat, referer: http://localhost/private_sale_site/pages/items.html?sale_id=3
[Tue Aug 20 18:26:06.017075 2024] [php:error] [pid 8072:tid 1816] [client ::1:62284] script 'C:/xampp/htdocs/private_sale_site/includes/fetch_categories.php' not found or unable to stat, referer: http://localhost/private_sale_site/pages/items.html?sale_id=3
[Tue Aug 20 18:27:07.496120 2024] [php:error] [pid 8072:tid 1816] [client ::1:62306] script 'C:/xampp/htdocs/private_sale_site/includes/fetch_subcategories.php' not found or unable to stat, referer: http://localhost/private_sale_site/pages/items.html?sale_id=3
[Tue Aug 20 20:11:23.219951 2024] [php:warn] [pid 8072:tid 1816] [client ::1:63477] PHP Warning:  Undefined variable $stmt in C:\\xampp\\htdocs\\private_sale_site\\includes\\purchase_item.php on line 40, referer: http://localhost/private_sale_site/pages/items.html?sale_id=3
[Tue Aug 20 20:11:23.221940 2024] [php:error] [pid 8072:tid 1816] [client ::1:63477] PHP Fatal error:  Uncaught Error: Call to a member function close() on null in C:\\xampp\\htdocs\\private_sale_site\\includes\\purchase_item.php:40\nStack trace:\n#0 {main}\n  thrown in C:\\xampp\\htdocs\\private_sale_site\\includes\\purchase_item.php on line 40, referer: http://localhost/private_sale_site/pages/items.html?sale_id=3
[Tue Aug 20 20:58:44.076435 2024] [php:warn] [pid 8072:tid 1816] [client ::1:64686] PHP Warning:  Undefined variable $stmt in C:\\xampp\\htdocs\\private_sale_site\\includes\\purchase_item.php on line 40, referer: http://localhost/private_sale_site/pages/items.html?sale_id=3
[Tue Aug 20 20:58:44.076435 2024] [php:error] [pid 8072:tid 1816] [client ::1:64686] PHP Fatal error:  Uncaught Error: Call to a member function close() on null in C:\\xampp\\htdocs\\private_sale_site\\includes\\purchase_item.php:40\nStack trace:\n#0 {main}\n  thrown in C:\\xampp\\htdocs\\private_sale_site\\includes\\purchase_item.php on line 40, referer: http://localhost/private_sale_site/pages/items.html?sale_id=3
[Wed Aug 21 01:20:37.351447 2024] [php:warn] [pid 8072:tid 1816] [client ::1:53185] PHP Warning:  Undefined variable $update_status in C:\\xampp\\htdocs\\private_sale_site\\pages\\professional_dashboard.php on line 43, referer: http://localhost/private_sale_site/pages/professional_dashboard.php
[Wed Aug 21 01:20:37.401004 2024] [php:error] [pid 8072:tid 1816] [client ::1:53185] PHP Fatal error:  Uncaught mysqli_sql_exception: Table 'private_site_db.view_sales' doesn't exist in C:\\xampp\\htdocs\\private_sale_site\\includes\\analytics.php:12\nStack trace:\n#0 C:\\xampp\\htdocs\\private_sale_site\\includes\\analytics.php(12): mysqli->query('UPDATE sale_ana...')\n#1 {main}\n  thrown in C:\\xampp\\htdocs\\private_sale_site\\includes\\analytics.php on line 12, referer: http://localhost/private_sale_site/pages/professional_dashboard.php
[Wed Aug 21 01:21:24.003285 2024] [php:warn] [pid 8072:tid 1816] [client ::1:53211] PHP Warning:  Undefined variable $update_status in C:\\xampp\\htdocs\\private_sale_site\\pages\\professional_dashboard.php on line 43, referer: http://localhost/private_sale_site/pages/professional_dashboard.php
[Wed Aug 21 02:07:35.421128 2024] [php:error] [pid 8072:tid 1844] [client ::1:54063] script 'C:/xampp/htdocs/private_sale_site/pages/register.php' not found or unable to stat, referer: http://localhost/private_sale_site/
[Wed Aug 21 02:08:46.400942 2024] [php:error] [pid 8072:tid 1844] [client ::1:54072] script 'C:/xampp/htdocs/private_sale_site/pages/register.php' not found or unable to stat, referer: http://localhost/private_sale_site/
[Wed Aug 21 02:08:50.416875 2024] [php:error] [pid 8072:tid 1844] [client ::1:54072] script 'C:/xampp/htdocs/private_sale_site/pages/register.php' not found or unable to stat, referer: http://localhost/private_sale_site/
[Wed Aug 21 02:08:50.646367 2024] [php:error] [pid 8072:tid 1844] [client ::1:54072] script 'C:/xampp/htdocs/private_sale_site/pages/register.php' not found or unable to stat, referer: http://localhost/private_sale_site/
[Wed Aug 21 02:20:57.989389 2024] [mpm_winnt:crit] [pid 8072:tid 480] AH02538: Child: Parent process exited abruptly. Child process is ending
[Wed Aug 21 02:21:00.018956 2024] [mpm_winnt:notice] [pid 8072:tid 480] AH00364: Child: All worker threads have exited.
[Wed Aug 21 16:26:52.081065 2024] [ssl:warn] [pid 11300:tid 424] AH01909: www.example.com:443:0 server certificate does NOT include an ID which matches the server name
[Wed Aug 21 16:26:52.146378 2024] [core:warn] [pid 11300:tid 424] AH00098: pid file C:/xampp/apache/logs/httpd.pid overwritten -- Unclean shutdown of previous Apache run?
[Wed Aug 21 16:26:52.149723 2024] [ssl:warn] [pid 11300:tid 424] AH01909: www.example.com:443:0 server certificate does NOT include an ID which matches the server name
[Wed Aug 21 16:26:52.613750 2024] [mpm_winnt:notice] [pid 11300:tid 424] AH00455: Apache/2.4.58 (Win64) OpenSSL/3.1.3 PHP/8.2.12 configured -- resuming normal operations
[Wed Aug 21 16:26:52.613750 2024] [mpm_winnt:notice] [pid 11300:tid 424] AH00456: Apache Lounge VS17 Server built: Oct 18 2023 13:03:18
[Wed Aug 21 16:26:52.613750 2024] [core:notice] [pid 11300:tid 424] AH00094: Command line: 'c:\\xampp\\apache\\bin\\httpd.exe -d C:/xampp/apache'
[Wed Aug 21 16:26:52.623662 2024] [mpm_winnt:notice] [pid 11300:tid 424] AH00418: Parent: Created child process 14816
[Wed Aug 21 16:26:53.196510 2024] [ssl:warn] [pid 14816:tid 452] AH01909: www.example.com:443:0 server certificate does NOT include an ID which matches the server name
[Wed Aug 21 16:26:53.247555 2024] [ssl:warn] [pid 14816:tid 452] AH01909: www.example.com:443:0 server certificate does NOT include an ID which matches the server name
[Wed Aug 21 16:26:53.308665 2024] [mpm_winnt:notice] [pid 14816:tid 452] AH00354: Child: Starting 150 worker threads.
[Wed Aug 21 18:54:44.770886 2024] [ssl:warn] [pid 4648:tid 424] AH01909: www.example.com:443:0 server certificate does NOT include an ID which matches the server name
[Wed Aug 21 18:54:44.834716 2024] [core:warn] [pid 4648:tid 424] AH00098: pid file C:/xampp/apache/logs/httpd.pid overwritten -- Unclean shutdown of previous Apache run?
[Wed Aug 21 18:54:44.839704 2024] [ssl:warn] [pid 4648:tid 424] AH01909: www.example.com:443:0 server certificate does NOT include an ID which matches the server name
[Wed Aug 21 18:54:45.302493 2024] [mpm_winnt:notice] [pid 4648:tid 424] AH00455: Apache/2.4.58 (Win64) OpenSSL/3.1.3 PHP/8.2.12 configured -- resuming normal operations
[Wed Aug 21 18:54:45.302493 2024] [mpm_winnt:notice] [pid 4648:tid 424] AH00456: Apache Lounge VS17 Server built: Oct 18 2023 13:03:18
[Wed Aug 21 18:54:45.302493 2024] [core:notice] [pid 4648:tid 424] AH00094: Command line: 'c:\\xampp\\apache\\bin\\httpd.exe -d C:/xampp/apache'
[Wed Aug 21 18:54:45.307479 2024] [mpm_winnt:notice] [pid 4648:tid 424] AH00418: Parent: Created child process 2292
[Wed Aug 21 18:54:46.004118 2024] [ssl:warn] [pid 2292:tid 432] AH01909: www.example.com:443:0 server certificate does NOT include an ID which matches the server name
[Wed Aug 21 18:54:46.055023 2024] [ssl:warn] [pid 2292:tid 432] AH01909: www.example.com:443:0 server certificate does NOT include an ID which matches the server name
[Wed Aug 21 18:54:46.111891 2024] [mpm_winnt:notice] [pid 2292:tid 432] AH00354: Child: Starting 150 worker threads.
[Wed Aug 21 19:11:14.922511 2024] [php:error] [pid 2292:tid 1848] [client ::1:50681] script 'C:/xampp/htdocs/private_sale_site/pages/user_dashboard.php' not found or unable to stat, referer: http://localhost/private_sale_site/pages/edit_user.php?user_id=2
[Wed Aug 21 19:59:20.636435 2024] [php:error] [pid 2292:tid 1848] [client ::1:52171] script 'C:/xampp/htdocs/private_sale_site/pages/user_dashboard.php' not found or unable to stat, referer: http://localhost/private_sale_site/pages/edit_user.php?user_id=3
[Wed Aug 21 22:06:42.472631 2024] [php:error] [pid 2292:tid 1848] [client ::1:55309] PHP Fatal error:  Uncaught mysqli_sql_exception: Table 'private_site_db.sale_views' doesn't exist in C:\\xampp\\htdocs\\private_sale_site\\includes\\analytics.php:12\nStack trace:\n#0 C:\\xampp\\htdocs\\private_sale_site\\includes\\analytics.php(12): mysqli->query('UPDATE sale_ana...')\n#1 {main}\n  thrown in C:\\xampp\\htdocs\\private_sale_site\\includes\\analytics.php on line 12, referer: http://localhost/private_sale_site/pages/professional_dashboard.php
[Wed Aug 21 22:19:58.580897 2024] [php:notice] [pid 2292:tid 1852] [client ::1:55383] PHP Notice:  session_start(): Ignoring session_start() because a session is already active in C:\\xampp\\htdocs\\private_sale_site\\pages\\customer_dashboard.php on line 5, referer: http://localhost/private_sale_site/pages/login.html
[Wed Aug 21 23:00:19.068970 2024] [php:error] [pid 2292:tid 1840] [client ::1:56013] PHP Fatal error:  Uncaught mysqli_sql_exception: Table 'private_site_db.sale_views' doesn't exist in C:\\xampp\\htdocs\\private_sale_site\\includes\\analytics.php:12\nStack trace:\n#0 C:\\xampp\\htdocs\\private_sale_site\\includes\\analytics.php(12): mysqli->query('UPDATE sale_ana...')\n#1 {main}\n  thrown in C:\\xampp\\htdocs\\private_sale_site\\includes\\analytics.php on line 12, referer: http://localhost/private_sale_site/pages/professional_dashboard.php
[Wed Aug 21 23:07:30.285717 2024] [php:error] [pid 2292:tid 1840] [client ::1:56038] script 'C:/xampp/htdocs/private_sale_site/pages/professionalanaly.php' not found or unable to stat, referer: http://localhost/private_sale_site/pages/professional_dashboard.php
[Wed Aug 21 23:13:55.107052 2024] [php:error] [pid 2292:tid 1828] [client ::1:56066] script 'C:/xampp/htdocs/private_sale_site/pages/pprofessionalanaly.php' not found or unable to stat, referer: http://localhost/private_sale_site/pages/professional_dashboard.php
[Wed Aug 21 23:14:07.148960 2024] [php:error] [pid 2292:tid 1828] [client ::1:56074] script 'C:/xampp/htdocs/private_sale_site/pages/pprofessionalanaly.php' not found or unable to stat, referer: http://localhost/private_sale_site/pages/professional_dashboard.php
[Wed Aug 21 23:16:01.266787 2024] [php:error] [pid 2292:tid 1828] [client ::1:56141] PHP Fatal error:  Uncaught mysqli_sql_exception: Unknown column 'quantity' in 'field list' in C:\\xampp\\htdocs\\private_sale_site\\includes\\professionalanaly.php:32\nStack trace:\n#0 C:\\xampp\\htdocs\\private_sale_site\\includes\\professionalanaly.php(32): mysqli->prepare('SELECT SUM(quan...')\n#1 {main}\n  thrown in C:\\xampp\\htdocs\\private_sale_site\\includes\\professionalanaly.php on line 32, referer: http://localhost/private_sale_site/pages/professional_dashboard.php
[Wed Aug 21 23:27:09.146845 2024] [php:error] [pid 2292:tid 1840] [client ::1:56500] PHP Fatal error:  Uncaught mysqli_sql_exception: Unknown column 'item_name' in 'field list' in C:\\xampp\\htdocs\\private_sale_site\\includes\\professionalanaly.php:21\nStack trace:\n#0 C:\\xampp\\htdocs\\private_sale_site\\includes\\professionalanaly.php(21): mysqli->prepare('SELECT item_id,...')\n#1 {main}\n  thrown in C:\\xampp\\htdocs\\private_sale_site\\includes\\professionalanaly.php on line 21, referer: http://localhost/private_sale_site/pages/professional_dashboard.php
[Wed Aug 21 23:29:34.990332 2024] [php:error] [pid 2292:tid 1840] [client ::1:56583] PHP Fatal error:  Uncaught mysqli_sql_exception: Unknown column 'quantity' in 'field list' in C:\\xampp\\htdocs\\private_sale_site\\includes\\professionalanaly.php:41\nStack trace:\n#0 C:\\xampp\\htdocs\\private_sale_site\\includes\\professionalanaly.php(41): mysqli->prepare('SELECT SUM(quan...')\n#1 {main}\n  thrown in C:\\xampp\\htdocs\\private_sale_site\\includes\\professionalanaly.php on line 41, referer: http://localhost/private_sale_site/pages/professional_dashboard.php
[Thu Aug 22 01:11:33.664412 2024] [php:error] [pid 2292:tid 1852] [client ::1:58666] script 'C:/xampp/htdocs/private_sale_site/includes/add_preference.php' not found or unable to stat, referer: http://localhost/private_sale_site/pages/items.html?sale_id=2&type=cus
[Thu Aug 22 10:48:29.428639 2024] [core:error] [pid 2292:tid 1836] (20024)The given path is misformatted or contained invalid characters: [client ::1:63015] AH00127: Cannot map GET /private_sale_site/pages/%3C?php%20echo%20$_SESSION[%27user_type%27]%20===%20%27professional%27%20?%20%27professional_dashboard.php%27%20:%20%27customer_dashboard.php%27;%20?%3E HTTP/1.1 to file, referer: http://localhost/private_sale_site/pages/items.html?sale_id=6&type=pro
[Thu Aug 22 10:48:35.843403 2024] [core:error] [pid 2292:tid 1836] (20024)The given path is misformatted or contained invalid characters: [client ::1:63022] AH00127: Cannot map GET /private_sale_site/pages/%3C?php%20echo%20$_SESSION[%27user_type%27]%20===%20%27professional%27%20?%20%27professional_dashboard.php%27%20:%20%27customer_dashboard.php%27;%20?%3E HTTP/1.1 to file, referer: http://localhost/private_sale_site/pages/items.html?sale_id=6&type=pro
[Thu Aug 22 10:48:36.035873 2024] [core:error] [pid 2292:tid 1836] (20024)The given path is misformatted or contained invalid characters: [client ::1:63022] AH00127: Cannot map GET /private_sale_site/pages/%3C?php%20echo%20$_SESSION[%27user_type%27]%20===%20%27professional%27%20?%20%27professional_dashboard.php%27%20:%20%27customer_dashboard.php%27;%20?%3E HTTP/1.1 to file, referer: http://localhost/private_sale_site/pages/items.html?sale_id=6&type=pro
[Thu Aug 22 13:42:09.071219 2024] [php:error] [pid 2292:tid 1836] [client ::1:65032] script 'C:/xampp/htdocs/private_sale_site/includes/fetch_alerts.php' not found or unable to stat, referer: http://localhost/private_sale_site/pages/customer_dashboard.php
[Thu Aug 22 14:15:39.564068 2024] [php:error] [pid 2292:tid 1840] [client ::1:65440] PHP Fatal error:  Uncaught ArgumentCountError: The number of variables must match the number of parameters in the prepared statement in C:\\xampp\\htdocs\\private_sale_site\\includes\\fetchalerts.php:38\nStack trace:\n#0 C:\\xampp\\htdocs\\private_sale_site\\includes\\fetchalerts.php(38): mysqli_stmt->bind_param('i', 3)\n#1 {main}\n  thrown in C:\\xampp\\htdocs\\private_sale_site\\includes\\fetchalerts.php on line 38, referer: http://localhost/private_sale_site/pages/customer_dashboard.php
[Thu Aug 22 14:44:50.916627 2024] [php:warn] [pid 2292:tid 1840] [client ::1:49952] PHP Warning:  Undefined global variable $_SESSION in C:\\xampp\\htdocs\\private_sale_site\\pages\\additems.php on line 81, referer: http://localhost/private_sale_site/pages/professional_dashboard.php
[Thu Aug 22 14:44:50.918042 2024] [php:warn] [pid 2292:tid 1840] [client ::1:49952] PHP Warning:  Trying to access array offset on value of type null in C:\\xampp\\htdocs\\private_sale_site\\pages\\additems.php on line 81, referer: http://localhost/private_sale_site/pages/professional_dashboard.php
[Thu Aug 22 14:45:21.284870 2024] [php:error] [pid 2292:tid 1840] [client ::1:49960] script 'C:/xampp/htdocs/private_sale_site/pages/logout.php' not found or unable to stat, referer: http://localhost/private_sale_site/pages/professional_dashboard.php
[Thu Aug 22 14:53:05.318585 2024] [php:error] [pid 2292:tid 1824] [client ::1:50133] script 'C:/xampp/htdocs/private_sale_site/includes/professional_dashboard.php' not found or unable to stat, referer: http://localhost/private_sale_site/pages/sales.html
[Thu Aug 22 14:53:34.456388 2024] [php:error] [pid 2292:tid 1836] [client ::1:50134] script 'C:/xampp/htdocs/private_sale_site/includes/professional_dashboard.php' not found or unable to stat, referer: http://localhost/private_sale_site/pages/sales.html
[Thu Aug 22 14:55:25.578679 2024] [php:warn] [pid 2292:tid 1836] [client ::1:50170] PHP Warning:  Undefined global variable $_SESSION in C:\\xampp\\htdocs\\private_sale_site\\pages\\additems.php on line 81, referer: http://localhost/private_sale_site/pages/professional_dashboard.php
[Thu Aug 22 14:55:25.580664 2024] [php:warn] [pid 2292:tid 1836] [client ::1:50170] PHP Warning:  Trying to access array offset on value of type null in C:\\xampp\\htdocs\\private_sale_site\\pages\\additems.php on line 81, referer: http://localhost/private_sale_site/pages/professional_dashboard.php
[Fri Aug 23 19:35:55.504988 2024] [php:error] [pid 2292:tid 1828] [client ::1:51181] script 'C:/xampp/htdocs/private_sale_site/pages/logout.php' not found or unable to stat, referer: http://localhost/private_sale_site/pages/professional_dashboard.php
[Fri Aug 23 19:55:49.422013 2024] [php:warn] [pid 2292:tid 1852] [client ::1:51456] PHP Warning:  Undefined global variable $_SESSION in C:\\xampp\\htdocs\\private_sale_site\\pages\\additems.php on line 81, referer: http://localhost/private_sale_site/pages/professional_dashboard.php
[Fri Aug 23 19:55:49.423008 2024] [php:warn] [pid 2292:tid 1852] [client ::1:51456] PHP Warning:  Trying to access array offset on value of type null in C:\\xampp\\htdocs\\private_sale_site\\pages\\additems.php on line 81, referer: http://localhost/private_sale_site/pages/professional_dashboard.php
[Fri Aug 23 19:58:04.477846 2024] [php:warn] [pid 2292:tid 1828] [client ::1:51482] PHP Warning:  Undefined global variable $_SESSION in C:\\xampp\\htdocs\\private_sale_site\\pages\\additems.php on line 81, referer: http://localhost/private_sale_site/pages/professional_dashboard.php
[Fri Aug 23 19:58:04.477846 2024] [php:warn] [pid 2292:tid 1828] [client ::1:51482] PHP Warning:  Trying to access array offset on value of type null in C:\\xampp\\htdocs\\private_sale_site\\pages\\additems.php on line 81, referer: http://localhost/private_sale_site/pages/professional_dashboard.php
[Fri Aug 23 19:58:04.678312 2024] [php:warn] [pid 2292:tid 1828] [client ::1:51482] PHP Warning:  Undefined global variable $_SESSION in C:\\xampp\\htdocs\\private_sale_site\\pages\\additems.php on line 81, referer: http://localhost/private_sale_site/pages/professional_dashboard.php
[Fri Aug 23 19:58:04.678312 2024] [php:warn] [pid 2292:tid 1828] [client ::1:51482] PHP Warning:  Trying to access array offset on value of type null in C:\\xampp\\htdocs\\private_sale_site\\pages\\additems.php on line 81, referer: http://localhost/private_sale_site/pages/professional_dashboard.php
[Fri Aug 23 20:02:13.450998 2024] [php:warn] [pid 2292:tid 1852] [client ::1:51507] PHP Warning:  Undefined global variable $_SESSION in C:\\xampp\\htdocs\\private_sale_site\\pages\\additems.php on line 81, referer: http://localhost/private_sale_site/pages/professional_dashboard.php
[Fri Aug 23 20:02:13.450998 2024] [php:warn] [pid 2292:tid 1852] [client ::1:51507] PHP Warning:  Trying to access array offset on value of type null in C:\\xampp\\htdocs\\private_sale_site\\pages\\additems.php on line 81, referer: http://localhost/private_sale_site/pages/professional_dashboard.php
[Fri Aug 23 20:04:55.618960 2024] [php:warn] [pid 2292:tid 1828] [client ::1:51563] PHP Warning:  Undefined global variable $_SESSION in C:\\xampp\\htdocs\\private_sale_site\\pages\\additems.php on line 81, referer: http://localhost/private_sale_site/pages/professional_dashboard.php
[Fri Aug 23 20:04:55.619957 2024] [php:warn] [pid 2292:tid 1828] [client ::1:51563] PHP Warning:  Trying to access array offset on value of type null in C:\\xampp\\htdocs\\private_sale_site\\pages\\additems.php on line 81, referer: http://localhost/private_sale_site/pages/professional_dashboard.php
[Fri Aug 23 20:06:53.442630 2024] [core:error] [pid 2292:tid 1828] (20024)The given path is misformatted or contained invalid characters: [client ::1:51583] AH00127: Cannot map GET /private_sale_site/pages/professional_dashboard.php%3E HTTP/1.1 to file, referer: http://localhost/private_sale_site/pages/additems.php
[Fri Aug 23 20:07:01.722846 2024] [core:error] [pid 2292:tid 1836] (20024)The given path is misformatted or contained invalid characters: [client ::1:51585] AH00127: Cannot map GET /private_sale_site/pages/professional_dashboard.php%3E HTTP/1.1 to file, referer: http://localhost/private_sale_site/pages/additems.php
